------------------------------------------------------------------------------
          SDDP.jl (c) Oscar Dowson and SDDP.jl contributors, 2017-22

Problem
  Nodes           : 3
  State variables : 1
  Scenarios       : 1.72800e+03
  Existing cuts   : false
  Subproblem structure                      : (min, max)
    Variables                               : (8, 8)
    VariableRef in MOI.LessThan{Float64}    : (2, 3)
    AffExpr in MOI.GreaterThan{Float64}     : (2, 2)
    AffExpr in MOI.EqualTo{Float64}         : (2, 4)
    VariableRef in MOI.GreaterThan{Float64} : (6, 6)
Options
  Solver          : serial mode
  Risk measure    : SDDP.Expectation()
  Sampling scheme : SDDP.InSampleMonteCarlo

 Iteration    Simulation       Bound         Time (s)    Proc. ID   # Solves
        1    5.906250e+03   4.083333e+03   2.553082e-01          1         39
        2    1.051875e+04   4.294792e+03   2.562861e-01          1         78
        3    7.031250e+03   4.294792e+03   2.571940e-01          1        117
        4    3.598915e+03   4.357986e+03   2.582402e-01          1        156
        5    4.882812e+03   5.000000e+03   2.591650e-01          1        195
        6    3.847500e+03   5.025374e+03   2.601111e-01          1        234
        7    5.224500e+03   5.025374e+03   2.610900e-01          1        273
        8    3.796875e+03   5.025374e+03   2.621672e-01          1        312
        9    1.546875e+03   5.041707e+03   2.632041e-01          1        351
       10    9.680000e+03   5.041707e+03   2.642090e-01          1        390

Terminating training
  Status         : iteration_limit
  Total time (s) : 2.642090e-01
  Total solves   : 390
  Best bound     :  5.041707e+03
  Simulation CI  :  5.603373e+03 ± 1.733399e+03
------------------------------------------------------------------------------
------------------------------------------------------------------------------
          SDDP.jl (c) Oscar Dowson and SDDP.jl contributors, 2017-22

Problem
  Nodes           : 3
  State variables : 1
  Scenarios       : 1.72800e+03
  Existing cuts   : false
  Subproblem structure                      : (min, max)
    Variables                               : (9, 9)
    VariableRef in MOI.LessThan{Float64}    : (3, 4)
    AffExpr in MOI.GreaterThan{Float64}     : (4, 4)
    AffExpr in MOI.EqualTo{Float64}         : (2, 10)
    VariableRef in MOI.GreaterThan{Float64} : (7, 7)
Options
  Solver          : serial mode
  Risk measure    : SDDP.Expectation()
  Sampling scheme : SDDP.InSampleMonteCarlo

 Iteration    Simulation       Bound         Time (s)    Proc. ID   # Solves
        1    3.750000e+03   2.888258e+03   7.134440e-01          1         39
        2    8.250000e+03   4.138883e+03   7.215490e-01          1         78
        3    1.561186e+04   4.465912e+03   7.227180e-01          1        117
        4    4.202520e+03   4.690522e+03   7.237260e-01          1        156
        5    1.394362e+04   4.977124e+03   7.248981e-01          1        195
        6    4.377350e+03   4.988150e+03   7.259490e-01          1        234
        7    7.750000e+03   4.988150e+03   7.269371e-01          1        273
        8    9.001638e+03   4.988150e+03   7.279272e-01          1        312
        9    3.000000e+03   4.999490e+03   7.290151e-01          1        351
       10    9.562500e+03   4.999490e+03   7.301390e-01          1        390

Terminating training
  Status         : iteration_limit
  Total time (s) : 7.301390e-01
  Total solves   : 390
  Best bound     :  4.999490e+03
  Simulation CI  :  7.944949e+03 ± 2.673190e+03
------------------------------------------------------------------------------
