--------------------------------------------------------------------------------
                      SDDP.jl (c) Oscar Dowson, 2017-20

Numerical stability report
  Non-zero Matrix range     [1e+00, 1e+00]
  Non-zero Objective range  [1e+00, 2e+02]
  Non-zero Bounds range     [2e+02, 2e+02]
  Non-zero RHS range        [2e+02, 2e+02]
No problems detected

Solver: serial mode

 Iteration    Simulation       Bound         Time (s)    Proc. ID   # Solves
        1    3.250000e+04   1.500000e+04   1.136110e-01          1          6
        2    1.750000e+04   1.750000e+04   1.145401e-01          1         12
        3    1.750000e+04   1.750000e+04   1.152141e-01          1         18

Terminating training with status: iteration_limit
------------------------------------------------------------------------------
--------------------------------------------------------------------------------
                      SDDP.jl (c) Oscar Dowson, 2017-20

Numerical stability report
  Non-zero Matrix range     [1e+00, 1e+00]
  Non-zero Objective range  [1e+00, 2e+02]
  Non-zero Bounds range     [2e+02, 2e+02]
  Non-zero RHS range        [2e+02, 2e+02]
No problems detected

Solver: serial mode

 Iteration    Simulation       Bound         Time (s)    Proc. ID   # Solves
        1    7.500000e+03   5.000000e+03   1.074901e-01          1         12
        2    5.000000e+03   8.333333e+03   1.082442e-01          1         24
        3    1.500000e+04   8.333333e+03   1.087680e-01          1         36
        4    2.000000e+04   8.333333e+03   1.093411e-01          1         48
        5    7.500000e+03   8.333333e+03   1.098471e-01          1         60
        6    1.000000e+04   8.333333e+03   1.103141e-01          1         72
        7    1.750000e+04   8.333333e+03   1.107602e-01          1         84
        8    1.000000e+04   8.333333e+03   1.112270e-01          1         96
        9    7.500000e+03   8.333333e+03   1.117191e-01          1        108
       10    7.500000e+03   8.333333e+03   1.121840e-01          1        120

Terminating training with status: iteration_limit
------------------------------------------------------------------------------
--------------------------------------------------------------------------------
                      SDDP.jl (c) Oscar Dowson, 2017-20

Numerical stability report
  Non-zero Matrix range     [1e+00, 1e+00]
  Non-zero Objective range  [1e+00, 2e+02]
  Non-zero Bounds range     [2e+02, 2e+02]
  Non-zero RHS range        [2e+02, 2e+02]
No problems detected

Solver: serial mode

 Iteration    Simulation       Bound         Time (s)    Proc. ID   # Solves
        1    0.000000e+00   8.541667e+03   1.623390e-01          1         12
        2    1.990385e+04   1.050595e+04   1.635020e-01          1         24
        3    2.223214e+04   1.062500e+04   1.644781e-01          1         36
        4    1.125000e+04   1.062500e+04   1.655049e-01          1         48
        5    5.000000e+03   1.062500e+04   1.664741e-01          1         60
        6    1.250000e+04   1.062500e+04   1.672881e-01          1         72
        7    1.125000e+04   1.062500e+04   1.681139e-01          1         84
        8    5.000000e+03   1.062500e+04   1.688981e-01          1         96
        9    1.875000e+04   1.062500e+04   1.697299e-01          1        108
       10    1.875000e+03   1.062500e+04   1.705141e-01          1        120

Terminating training with status: iteration_limit
------------------------------------------------------------------------------
--------------------------------------------------------------------------------
                      SDDP.jl (c) Oscar Dowson, 2017-20

Numerical stability report
  Non-zero Matrix range     [1e+00, 1e+00]
  Non-zero Objective range  [1e+00, 2e+02]
  Non-zero Bounds range     [2e+02, 2e+02]
  Non-zero RHS range        [2e+02, 2e+02]
No problems detected

Solver: serial mode

 Iteration    Simulation       Bound         Time (s)    Proc. ID   # Solves
        1    1.312500e+04   5.329294e+03   3.877878e-03          1         18
        2    1.536364e+04   7.975336e+03   5.014896e-03          1         36
        3    5.000000e+03   8.072917e+03   6.239891e-03          1         54
        4    1.875000e+03   8.072917e+03   7.570028e-03          1         72
        5    5.000000e+03   8.072917e+03   8.653879e-03          1         90
        6    5.000000e+03   8.072917e+03   9.940863e-03          1        108
        7    5.000000e+03   8.072917e+03   1.102805e-02          1        126
        8    2.250000e+04   8.072917e+03   1.206708e-02          1        144
        9    1.875000e+03   8.072917e+03   1.426888e-02          1        162
       10    2.437500e+04   8.072917e+03   1.556206e-02          1        180

Terminating training with status: iteration_limit
------------------------------------------------------------------------------
--------------------------------------------------------------------------------
                      SDDP.jl (c) Oscar Dowson, 2017-20

Solver: serial mode

 Iteration    Simulation       Bound         Time (s)    Proc. ID   # Solves
        1    1.500000e+04   5.329294e+03   1.144505e-02          1         18
        2    3.784091e+03   7.975336e+03   1.277900e-02          1         36
        3    5.000000e+03   7.975336e+03   1.381016e-02          1         54
        4    1.250000e+04   8.072917e+03   1.484799e-02          1         72
        5    1.125000e+04   8.072917e+03   1.587296e-02          1         90
        6    1.875000e+03   8.072917e+03   1.694703e-02          1        108
        7    1.875000e+03   8.072917e+03   1.804805e-02          1        126
        8    1.875000e+04   8.072917e+03   1.907706e-02          1        144
        9    1.125000e+04   8.072917e+03   2.010512e-02          1        162
       10    5.000000e+03   8.072917e+03   2.130914e-02          1        180
       11    5.000000e+03   8.072917e+03   2.276611e-02          1        198
       12    5.000000e+03   8.072917e+03   2.395201e-02          1        216
       13    5.000000e+03   8.072917e+03   2.515006e-02          1        234
       14    2.750000e+04   8.072917e+03   2.618599e-02          1        252
       15    5.000000e+03   8.072917e+03   2.722597e-02          1        270
       16    1.625000e+04   8.072917e+03   2.834606e-02          1        288
       17    1.875000e+03   8.072917e+03   2.945495e-02          1        306
       18    1.875000e+03   8.072917e+03   3.087616e-02          1        324
       19    5.000000e+03   8.072917e+03   3.221798e-02          1        342
       20    1.875000e+03   8.072917e+03   3.344798e-02          1        360

Terminating training with status: iteration_limit
------------------------------------------------------------------------------
--------------------------------------------------------------------------------
                      SDDP.jl (c) Oscar Dowson, 2017-20

Solver: serial mode

 Iteration    Simulation       Bound         Time (s)    Proc. ID   # Solves
        1    6.500000e+00   3.000000e+00   2.334833e-03          1          6
        2    3.500000e+00   3.500000e+00   2.766848e-03          1         12
        3    3.500000e+00   3.500000e+00   3.181934e-03          1         18
        4    3.500000e+00   3.500000e+00   3.546000e-03          1         24
        5    3.500000e+00   3.500000e+00   3.940821e-03          1         30

Terminating training with status: iteration_limit
------------------------------------------------------------------------------
--------------------------------------------------------------------------------
                      SDDP.jl (c) Oscar Dowson, 2017-20

Solver: serial mode

 Iteration    Simulation       Bound         Time (s)    Proc. ID   # Solves
        1    6.500000e+00   1.100000e+01   2.419949e-03          1          6
        2    5.500000e+00   1.100000e+01   2.805948e-03          1         12
        3    5.500000e+00   1.100000e+01   3.156900e-03          1         18
        4    5.500000e+00   1.100000e+01   3.470898e-03          1         24
        5    5.500000e+00   1.100000e+01   3.783941e-03          1         30

Terminating training with status: iteration_limit
------------------------------------------------------------------------------
--------------------------------------------------------------------------------
                      SDDP.jl (c) Oscar Dowson, 2017-20

Solver: serial mode

 Iteration    Simulation       Bound         Time (s)    Proc. ID   # Solves
        1    6.328125e+03   3.900000e+03   8.175931e-01          1         39
        2    4.401000e+03   4.124232e+03   8.222311e-01          1         78
        3    3.609375e+03   4.267643e+03   8.248441e-01          1        117
        4    4.921875e+03   4.451192e+03   8.272190e-01          1        156
        5    7.031250e+03   4.502536e+03   8.301821e-01          1        195
        6    4.715798e+03   4.573396e+03   8.325269e-01          1        234
        7    0.000000e+00   4.617265e+03   8.350949e-01          1        273
        8    0.000000e+00   4.626593e+03   8.376291e-01          1        312
        9    7.355785e+03   4.640434e+03   8.402121e-01          1        351
       10    0.000000e+00   4.662127e+03   8.427210e-01          1        390

Terminating training with status: iteration_limit
------------------------------------------------------------------------------
--------------------------------------------------------------------------------
                      SDDP.jl (c) Oscar Dowson, 2017-20

Solver: serial mode

 Iteration    Simulation       Bound         Time (s)    Proc. ID   # Solves
        1    1.050000e+04   4.727758e+03   6.277330e-01          1         39
        2    2.562500e+03   4.817015e+03   6.304200e-01          1         78
        3    3.250000e+03   4.817015e+03   6.329970e-01          1        117
        4    1.974614e+03   4.862801e+03   6.356940e-01          1        156
        5    6.250000e+03   4.862801e+03   6.382651e-01          1        195
        6    5.625000e+03   4.887917e+03   6.410820e-01          1        234
        7    7.035469e+03   4.890370e+03   6.438220e-01          1        273
        8    4.082325e+03   4.904043e+03   6.465940e-01          1        312
        9    6.110611e+03   4.960140e+03   6.493871e-01          1        351
       10    6.250000e+03   4.968569e+03   6.522830e-01          1        390

Terminating training with status: iteration_limit
------------------------------------------------------------------------------
