------------------------------------------------------------------------------
                      SDDP.jl (c) Oscar Dowson, 2017-21

Problem
  Nodes           : 2
  State variables : 1
  Scenarios       : 2.00000e+00
  Existing cuts   : false
  Subproblem structure                      : (min, max)
    Variables                               : (6, 6)
    VariableRef in MOI.EqualTo{Float64}     : (1, 1)
    VariableRef in MOI.LessThan{Float64}    : (1, 2)
    AffExpr in MOI.LessThan{Float64}        : (1, 1)
    AffExpr in MOI.GreaterThan{Float64}     : (1, 1)
    VariableRef in MOI.GreaterThan{Float64} : (4, 4)
Options
  Solver          : serial mode
  Risk measure    : SDDP.Expectation()
  Sampling scheme : SDDP.InSampleMonteCarlo

Numerical stability report
  Non-zero Matrix range     [1e+00, 1e+00]
  Non-zero Objective range  [1e+00, 5e+00]
  Non-zero Bounds range     [8e+00, 8e+00]
  Non-zero RHS range        [6e+00, 6e+00]
No problems detected

 Iteration    Simulation       Bound         Time (s)    Proc. ID   # Solves
        5    2.000000e+01   1.000000e+01   5.619018e-01          1         25
       10    2.000000e+01   1.000000e+01   5.733790e-01          1         50

Terminating training
  Status         : iteration_limit
  Total time (s) : 5.733790e-01
  Total solves   : 50
  Best bound     :  1.000000e+01
  Simulation CI  :  1.200000e+01 ± 6.401333e+00
------------------------------------------------------------------------------
------------------------------------------------------------------------------
                      SDDP.jl (c) Oscar Dowson, 2017-21

Problem
  Nodes           : 3
  State variables : 2
  Scenarios       : 4.00000e+00
  Existing cuts   : false
  Subproblem structure                      : (min, max)
    Variables                               : (8, 8)
    VariableRef in MOI.LessThan{Float64}    : (1, 1)
    AffExpr in MOI.LessThan{Float64}        : (3, 3)
    VariableRef in MOI.GreaterThan{Float64} : (5, 5)
Options
  Solver          : serial mode
  Risk measure    : SDDP.Expectation()
  Sampling scheme : SDDP.InSampleMonteCarlo

Numerical stability report
  Non-zero Matrix range     [1e+00, 1e+00]
  Non-zero Objective range  [2e-01, 3e+00]
  Non-zero Bounds range     [5e+01, 5e+01]
  Non-zero RHS range        [0e+00, 0e+00]
No problems detected

 Iteration    Simulation       Bound         Time (s)    Proc. ID   # Solves
        5   -4.260000e+01  -2.396000e+01   2.654076e-03          1         40
       10   -5.320000e+00  -2.396000e+01   4.914999e-03          1         80

Terminating training
  Status         : iteration_limit
  Total time (s) : 4.914999e-03
  Total solves   : 80
  Best bound     : -2.396000e+01
  Simulation CI  : -1.405254e+01 ± 8.503103e+00
------------------------------------------------------------------------------
 ────────────────────────────────────────────────────────────────────────────────
                                        Time                    Allocations      
                               ───────────────────────   ────────────────────────
       Tot / % measured:            1.11s /   0.4%           51.5MiB /   2.0%    

 Section               ncalls     time    %tot     avg     alloc    %tot      avg
 ────────────────────────────────────────────────────────────────────────────────
 backward_pass             10   2.48ms   56.7%   248μs    684KiB   65.4%  68.5KiB
   solve_subproblem        40   1.34ms   30.6%  33.5μs    299KiB   28.5%  7.47KiB
     get_dual_solution     40    260μs    5.9%  6.51μs   83.1KiB    7.9%  2.08KiB
   prepare_backward...     20   17.5μs    0.4%   875ns   2.97KiB    0.3%     152B
 forward_pass              10   1.41ms   32.2%   141μs    289KiB   27.6%  28.9KiB
   solve_subproblem        30   1.12ms   25.7%  37.5μs    237KiB   22.7%  7.91KiB
     get_dual_solution     30   64.2μs    1.5%  2.14μs   17.8KiB    1.7%     608B
   sample_scenario         10   62.7μs    1.4%  6.27μs   9.16KiB    0.9%     938B
 calculate_bound           10    486μs   11.1%  48.6μs   73.5KiB    7.0%  7.35KiB
   get_dual_solution       10   14.4μs    0.3%  1.44μs   5.94KiB    0.6%     608B
 ────────────────────────────────────────────────────────────────────────────────

------------------------------------------------------------------------------
                      SDDP.jl (c) Oscar Dowson, 2017-21

Problem
  Nodes           : 3
  State variables : 2
  Scenarios       : 4.00000e+00
  Existing cuts   : false
  Subproblem structure                      : (min, max)
    Variables                               : (8, 8)
    VariableRef in MOI.LessThan{Float64}    : (1, 1)
    AffExpr in MOI.LessThan{Float64}        : (3, 3)
    VariableRef in MOI.GreaterThan{Float64} : (5, 5)
Options
  Solver          : serial mode
  Risk measure    : SDDP.Expectation()
  Sampling scheme : SDDP.InSampleMonteCarlo

Numerical stability report
  Non-zero Matrix range     [1e+00, 1e+00]
  Non-zero Objective range  [2e-01, 3e+00]
  Non-zero Bounds range     [5e+01, 5e+01]
  Non-zero RHS range        [0e+00, 0e+00]
No problems detected

 Iteration    Simulation       Bound         Time (s)    Proc. ID   # Solves
        5   -5.320000e+00  -2.396000e+01   2.573967e-03          1         40
       10   -2.396000e+01  -2.396000e+01   4.671097e-03          1         80

Terminating training
  Status         : iteration_limit
  Total time (s) : 4.671097e-03
  Total solves   : 80
  Best bound     : -2.396000e+01
  Simulation CI  : -1.490454e+01 ± 8.344209e+00
------------------------------------------------------------------------------
 ────────────────────────────────────────────────────────────────────────────────
                                        Time                    Allocations      
                               ───────────────────────   ────────────────────────
       Tot / % measured:           8.14ms /  51.4%           1.39MiB /  73.7%    

 Section               ncalls     time    %tot     avg     alloc    %tot      avg
 ────────────────────────────────────────────────────────────────────────────────
 backward_pass             10   2.38ms   57.0%   238μs    684KiB   65.4%  68.5KiB
   solve_subproblem        40   1.28ms   30.6%  32.0μs    299KiB   28.5%  7.47KiB
     get_dual_solution     40    246μs    5.9%  6.16μs   83.1KiB    7.9%  2.08KiB
   prepare_backward...     20   17.2μs    0.4%   860ns   2.97KiB    0.3%     152B
 forward_pass              10   1.41ms   33.8%   141μs    289KiB   27.6%  28.9KiB
   solve_subproblem        30   1.11ms   26.6%  37.1μs    237KiB   22.7%  7.91KiB
     get_dual_solution     30   60.0μs    1.4%  2.00μs   17.8KiB    1.7%     608B
   sample_scenario         10   60.3μs    1.4%  6.03μs   9.19KiB    0.9%     941B
 calculate_bound           10    386μs    9.2%  38.6μs   73.5KiB    7.0%  7.35KiB
   get_dual_solution       10   15.0μs    0.4%  1.50μs   5.94KiB    0.6%     608B
 ────────────────────────────────────────────────────────────────────────────────

------------------------------------------------------------------------------
                      SDDP.jl (c) Oscar Dowson, 2017-21

Problem
  Nodes           : 2
  State variables : 1
  Scenarios       : 2.00000e+00
  Existing cuts   : false
  Subproblem structure                      : (min, max)
    Variables                               : (3, 4)
    VariableRef in MOI.LessThan{Float64}    : (2, 2)
    AffExpr in MOI.LessThan{Float64}        : (1, 1)
    VariableRef in MOI.GreaterThan{Float64} : (2, 3)
Options
  Solver          : serial mode
  Risk measure    : SDDP.Expectation()
  Sampling scheme : SDDP.InSampleMonteCarlo

Numerical stability report
  Non-zero Matrix range     [1e+00, 1e+00]
  Non-zero Objective range  [1e+00, 2e+00]
  Non-zero Bounds range     [2e+00, 5e+00]
  Non-zero RHS range        [0e+00, 0e+00]
No problems detected

 Iteration    Simulation       Bound         Time (s)    Proc. ID   # Solves
        1    0.000000e+00  -2.500000e+00   1.421659e-01          1          5
        2   -2.500000e+00  -2.000000e+00   1.425478e-01          1         10
        3   -3.000000e+00  -2.000000e+00   1.428099e-01          1         15

Terminating training
  Status         : iteration_limit
  Total time (s) : 1.428099e-01
  Total solves   : 15
  Best bound     : -2.000000e+00
  Simulation CI  : -1.833333e+00 ± 1.818803e+00
------------------------------------------------------------------------------
------------------------------------------------------------------------------
                      SDDP.jl (c) Oscar Dowson, 2017-21

Problem
  Nodes           : 3
  State variables : 1
  Scenarios       : Inf
  Existing cuts   : false
  Subproblem structure                      : (min, max)
    Variables                               : (6, 6)
    VariableRef in MOI.LessThan{Float64}    : (1, 1)
    VariableRef in MOI.GreaterThan{Float64} : (5, 5)
    AffExpr in MOI.EqualTo{Float64}         : (2, 2)
Options
  Solver          : serial mode
  Risk measure    : SDDP.Expectation()
  Sampling scheme : SDDP.InSampleMonteCarlo

Numerical stability report
  Non-zero Matrix range     [1e+00, 1e+00]
  Non-zero Objective range  [1e+00, 3e+00]
  Non-zero Bounds range     [5e+00, 2e+01]
  Non-zero RHS range        [2e+00, 1e+01]
No problems detected

 Iteration    Simulation       Bound         Time (s)    Proc. ID   # Solves
        1    4.000000e+01   2.138062e+01   5.153232e-01          1         51
        2    1.030000e+02   2.795915e+01   5.172861e-01          1        102
        3    3.100000e+02   6.512462e+01   5.249341e-01          1        309
        4    3.310000e+02   1.180469e+02   5.367441e-01          1        612
        5    3.854770e+02   1.537294e+02   5.486081e-01          1        903
        6    8.550000e+01   1.583404e+02   5.518761e-01          1        978
        7    2.250000e+01   1.607430e+02   5.527501e-01          1        993
        8    1.799185e+02   1.705039e+02   5.600350e-01          1       1152
        9    2.050000e+01   1.750821e+02   5.624471e-01          1       1203
       10    1.858404e+02   1.804587e+02   5.685451e-01          1       1338
       11    8.000000e+00   1.807142e+02   5.692232e-01          1       1353
       12    3.000000e+00   1.826297e+02   5.699670e-01          1       1368
       13    4.272922e+01   1.846358e+02   5.728130e-01          1       1431
       14    6.705953e+02   2.052469e+02   6.031480e-01          1       2022
       15    7.871609e+02   2.145497e+02   6.425550e-01          1       2745
       16    3.790389e+02   2.196274e+02   6.659961e-01          1       3156
       17    1.902810e+02   2.213000e+02   6.739001e-01          1       3303
       18    1.052399e+02   2.227264e+02   6.809611e-01          1       3414
       19    1.294203e+02   2.234913e+02   6.893120e-01          1       3549
       20    7.597204e+01   2.243705e+02   6.936421e-01          1       3612
       21    8.154161e+01   2.246422e+02   7.008400e-01          1       3723
       22    6.130655e+00   2.249968e+02   7.017741e-01          1       3738
       23    1.649250e+01   2.249968e+02   7.027700e-01          1       3753
       24    2.265904e+02   2.264872e+02   7.171261e-01          1       3972
       25    1.577676e+02   2.269292e+02   7.329311e-01          1       4203
       26    3.832592e+02   2.289706e+02   7.613711e-01          1       4602
       27    3.350000e+01   2.290027e+02   7.632890e-01          1       4629
       28    2.354989e+02   2.298716e+02   7.831302e-01          1       4908
       29    5.668190e+02   2.317499e+02   8.269532e-01          1       5475
       30    2.082117e+03   2.338360e+02   1.053927e+00          1       7674
       31    2.966098e+02   2.341297e+02   1.085065e+00          1       8013
       32    4.825077e+02   2.346275e+02   1.134696e+00          1       8544
       33    9.419635e+01   2.346978e+02   1.140875e+00          1       8607
       34    3.909292e+01   2.347016e+02   1.143407e+00          1       8634
       35    1.489087e+02   2.347944e+02   1.162012e+00          1       8829
       36    5.613291e+02   2.349576e+02   1.218850e+00          1       9420
       37    2.484066e+01   2.350281e+02   1.223292e+00          1       9459
       38    8.072556e+02   2.352866e+02   1.305448e+00          1      10194
       39    8.998349e+01   2.353545e+02   1.317764e+00          1      10305
       40    3.755564e+02   2.354111e+02   1.358315e+00          1      10656
       41    1.695331e+01   2.354623e+02   1.364094e+00          1      10707
       42    8.507285e+02   2.357693e+02   1.466843e+00          1      11586
       43    8.150000e+01   2.358032e+02   1.477225e+00          1      11673
       44    7.675969e+01   2.358032e+02   1.488341e+00          1      11772
       45    4.016673e+01   2.358410e+02   1.494953e+00          1      11835
       46    1.725925e+02   2.358639e+02   1.517459e+00          1      12054
       47    3.049413e+02   2.359232e+02   1.549789e+00          1      12321
       48    5.588784e+01   2.359232e+02   1.556000e+00          1      12372
       49    1.010362e+02   2.359579e+02   1.569827e+00          1      12495
       50    1.443069e+02   2.359748e+02   1.584662e+00          1      12630
       51    1.851498e+01   2.359863e+02   1.588674e+00          1      12669
       52    4.015831e+02   2.360219e+02   1.633337e+00          1      13056
       53    1.407780e+02   2.360456e+02   1.655625e+00          1      13251
       54    1.800165e+02   2.360534e+02   1.678567e+00          1      13446
       55    1.348725e+01   2.360645e+02   1.682899e+00          1      13485
       56    1.038935e+02   2.360672e+02   1.697982e+00          1      13608
       57    6.159237e+01   2.360831e+02   1.705551e+00          1      13671
       58    3.785925e+01   2.360831e+02   1.713152e+00          1      13734
       59    3.404028e+02   2.361351e+02   1.760099e+00          1      14097
       60    4.039918e+01   2.361375e+02   1.800377e+00          1      14148
       61    1.364866e+02   2.361533e+02   1.816917e+00          1      14283
       62    7.259266e+01   2.361563e+02   1.822829e+00          1      14334
       63    1.478621e+03   2.362278e+02   2.025740e+00          1      15909
       64    7.641882e+01   2.362278e+02   2.033704e+00          1      15972
       65    6.912917e+02   2.362652e+02   2.118057e+00          1      16611
       66    1.833370e+02   2.362654e+02   2.135799e+00          1      16746
       67    6.505270e+01   2.362804e+02   2.148605e+00          1      16845
       68    1.046486e+00   2.362804e+02   2.151269e+00          1      16860
       69    5.402826e+01   2.362877e+02   2.159551e+00          1      16923
       70    1.670494e+02   2.362912e+02   2.175494e+00          1      17046
       71    1.474758e+02   2.363024e+02   2.196680e+00          1      17205
       72    1.046420e+02   2.363076e+02   2.218021e+00          1      17364
       73    3.660097e+02   2.363124e+02   2.258058e+00          1      17655
       74    1.000000e+01   2.363126e+02   2.260006e+00          1      17670
       75    6.920982e+02   2.363458e+02   2.390216e+00          1      18477
       76    3.054345e+02   2.363489e+02   2.459883e+00          1      18936
       77    1.649954e+02   2.363604e+02   2.498095e+00          1      19191
       78    8.058171e+01   2.363606e+02   2.503663e+00          1      19230
       79    1.200053e+01   2.363606e+02   2.505920e+00          1      19245
       80    4.424998e+02   2.363706e+02   2.568407e+00          1      19644
       81    1.549699e+02   2.363766e+02   2.590547e+00          1      19791
       82    1.004890e+02   2.363771e+02   2.607345e+00          1      19902
       83    1.295442e+02   2.363799e+02   2.624814e+00          1      20001
       84    4.001115e+01   2.363806e+02   2.635249e+00          1      20064
       85    2.527473e+00   2.363806e+02   2.637508e+00          1      20079
       86    3.610063e+02   2.363892e+02   2.701894e+00          1      20490
       87    1.120726e+02   2.363899e+02   2.730791e+00          1      20673
       88    1.564731e+02   2.363943e+02   2.758194e+00          1      20832
       89    2.149853e+02   2.363959e+02   2.787368e+00          1      21015
       90    2.500000e+00   2.363959e+02   2.789413e+00          1      21030
       91    1.500162e+02   2.363984e+02   2.813394e+00          1      21177
       92    4.210667e+02   2.364006e+02   2.919015e+00          1      21636
       93    2.491096e+00   2.364007e+02   2.921347e+00          1      21651
       94    4.085003e+02   2.364051e+02   2.979416e+00          1      21990
       95    1.199327e+02   2.364067e+02   3.005748e+00          1      22149
       96    9.550510e+01   2.364077e+02   3.022311e+00          1      22248
       97    1.830276e+02   2.364090e+02   3.069298e+00          1      22527
       98    5.750052e+02   2.364132e+02   3.166783e+00          1      23094
       99    4.241085e+02   2.364141e+02   3.232087e+00          1      23469
      100    5.034633e+02   2.364185e+02   3.314140e+00          1      23928

Terminating training
  Status         : iteration_limit
  Total time (s) : 3.314140e+00
  Total solves   : 23928
  Best bound     :  2.364185e+02
  Simulation CI  :  2.335793e+02 ± 5.946000e+01
------------------------------------------------------------------------------
------------------------------------------------------------------------------
                      SDDP.jl (c) Oscar Dowson, 2017-21

Problem
  Nodes           : 5
  State variables : 3
  Scenarios       : 1.43489e+07
  Existing cuts   : false
  Subproblem structure                      : (min, max)
    Variables                               : (13, 13)
    VariableRef in MOI.LessThan{Float64}    : (6, 7)
    AffExpr in MOI.LessThan{Float64}        : (1, 1)
    VariableRef in MOI.GreaterThan{Float64} : (7, 7)
    AffExpr in MOI.EqualTo{Float64}         : (3, 3)
Options
  Solver          : serial mode
  Risk measure    : SDDP.Expectation()
  Sampling scheme : SDDP.InSampleMonteCarlo

Numerical stability report
  Non-zero Matrix range     [1e+00, 1e+00]
  Non-zero Objective range  [3e-01, 2e+00]
  Non-zero Bounds range     [5e-01, 5e+00]
  Non-zero RHS range        [2e+00, 2e+00]
No problems detected

 Iteration    Simulation       Bound         Time (s)    Proc. ID   # Solves
       10   -5.065478e+00  -4.440008e+00   2.608321e-01          1       1400
       20   -4.804102e+00  -4.391127e+00   3.140531e-01          1       2800
       30   -4.696117e+00  -4.376958e+00   3.796871e-01          1       4200
       40   -4.505988e+00  -4.370454e+00   4.986680e-01          1       5600
       50   -4.218184e+00  -4.362945e+00   5.870740e-01          1       7000
       60   -4.270879e+00  -4.358511e+00   6.812952e-01          1       8400
       70   -4.857979e+00  -4.355421e+00   7.864530e-01          1       9800
       80   -4.895704e+00  -4.353489e+00   9.116981e-01          1      11200
       90   -4.247227e+00  -4.351304e+00   1.083918e+00          1      12600
      100   -4.589472e+00  -4.350067e+00   1.225498e+00          1      14000

Terminating training
  Status         : iteration_limit
  Total time (s) : 1.225498e+00
  Total solves   : 14000
  Best bound     : -4.350067e+00
  Simulation CI  : -4.325589e+00 ± 7.896661e-02
------------------------------------------------------------------------------
------------------------------------------------------------------------------
                      SDDP.jl (c) Oscar Dowson, 2017-21

Problem
  Nodes           : 5
  State variables : 1
  Scenarios       : 1.00000e+05
  Existing cuts   : false
  Subproblem structure                      : (min, max)
    Variables                               : (5, 5)
    VariableRef in MOI.LessThan{Float64}    : (2, 3)
    VariableRef in MOI.GreaterThan{Float64} : (3, 3)
    AffExpr in MOI.EqualTo{Float64}         : (1, 1)
Options
  Solver          : serial mode
  Risk measure    : SDDP.Expectation()
  Sampling scheme : SDDP.InSampleMonteCarlo

Numerical stability report
  Non-zero Matrix range     [1e+00, 1e+00]
  Non-zero Objective range  [3e-01, 2e+00]
  Non-zero Bounds range     [5e-01, 2e+00]
  Non-zero RHS range        [0e+00, 0e+00]
No problems detected

 Iteration    Simulation       Bound         Time (s)    Proc. ID   # Solves
       10   -1.629981e+00  -1.473567e+00   2.292600e-01          1        550
       20   -1.590527e+00  -1.472131e+00   2.456181e-01          1       1100
       30   -1.547572e+00  -1.471318e+00   2.630050e-01          1       1650
       40   -1.602949e+00  -1.471212e+00   3.465459e-01          1       2200
       50   -1.552100e+00  -1.471107e+00   3.688910e-01          1       2750

Terminating training
  Status         : iteration_limit
  Total time (s) : 3.688910e-01
  Total solves   : 2750
  Best bound     : -1.471107e+00
  Simulation CI  : -1.461814e+00 ± 5.627669e-02
------------------------------------------------------------------------------
------------------------------------------------------------------------------
                      SDDP.jl (c) Oscar Dowson, 2017-21

Problem
  Nodes           : 2
  State variables : 4
  Scenarios       : 2.00000e+00
  Existing cuts   : false
  Subproblem structure                      : (min, max)
    Variables                               : (29, 29)
    VariableRef in MOI.LessThan{Float64}    : (1, 1)
    AffExpr in MOI.LessThan{Float64}        : (4, 4)
    AffExpr in MOI.GreaterThan{Float64}     : (3, 3)
    VariableRef in MOI.GreaterThan{Float64} : (22, 22)
    AffExpr in MOI.EqualTo{Float64}         : (4, 5)
Options
  Solver          : serial mode
  Risk measure    : SDDP.Expectation()
  Sampling scheme : SDDP.InSampleMonteCarlo

Numerical stability report
  Non-zero Matrix range     [1e+00, 1e+00]
  Non-zero Objective range  [1e+00, 1e+06]
  Non-zero Bounds range     [0e+00, 0e+00]
  Non-zero RHS range        [0e+00, 0e+00]
No problems detected

 Iteration    Simulation       Bound         Time (s)    Proc. ID   # Solves
       10    3.719972e+05   3.092989e+05   9.182310e-02          1         50
       20    3.332200e+05   3.399724e+05   9.489012e-02          1        100
       30    3.337559e+05   3.403155e+05   9.922719e-02          1        150
       40    3.337559e+05   3.403155e+05   1.046181e-01          1        200
       50    3.337559e+05   3.403155e+05   1.101370e-01          1        250

Terminating training
  Status         : iteration_limit
  Total time (s) : 1.101370e-01
  Total solves   : 250
  Best bound     :  3.403155e+05
  Simulation CI  :  1.246627e+08 ± 1.715174e+08
------------------------------------------------------------------------------
------------------------------------------------------------------------------
                      SDDP.jl (c) Oscar Dowson, 2017-21

Problem
  Nodes           : 3
  State variables : 4
  Scenarios       : 4.00000e+00
  Existing cuts   : false
  Subproblem structure                      : (min, max)
    Variables                               : (29, 29)
    VariableRef in MOI.EqualTo{Float64}     : (3, 3)
    VariableRef in MOI.LessThan{Float64}    : (1, 1)
    AffExpr in MOI.LessThan{Float64}        : (4, 4)
    AffExpr in MOI.GreaterThan{Float64}     : (3, 3)
    AffExpr in MOI.EqualTo{Float64}         : (4, 5)
    VariableRef in MOI.GreaterThan{Float64} : (22, 22)
Options
  Solver          : serial mode
  Risk measure    : SDDP.Expectation()
  Sampling scheme : SDDP.InSampleMonteCarlo

Numerical stability report
  Non-zero Matrix range     [1e+00, 1e+00]
  Non-zero Objective range  [1e+00, 1e+05]
  Non-zero Bounds range     [0e+00, 0e+00]
  Non-zero RHS range        [0e+00, 0e+00]
No problems detected

 Iteration    Simulation       Bound         Time (s)    Proc. ID   # Solves
       10    4.223843e+05   3.391878e+05   6.482840e-03          1         80
       20    4.487534e+05   4.063231e+05   1.307392e-02          1        160
       30    5.035967e+05   4.067125e+05   2.041388e-02          1        240

Terminating training
  Status         : iteration_limit
  Total time (s) : 2.041388e-02
  Total solves   : 240
  Best bound     :  4.067125e+05
  Simulation CI  :  4.204817e+07 ± 5.673498e+07
------------------------------------------------------------------------------
------------------------------------------------------------------------------
                      SDDP.jl (c) Oscar Dowson, 2017-21

Problem
  Nodes           : 10
  State variables : 4
  Scenarios       : 2.70000e+01
  Existing cuts   : false
  Subproblem structure                      : (min, max)
    Variables                               : (24, 24)
    VariableRef in MOI.LessThan{Float64}    : (1, 2)
    AffExpr in MOI.LessThan{Float64}        : (1, 6)
    AffExpr in MOI.GreaterThan{Float64}     : (1, 1)
    AffExpr in MOI.EqualTo{Float64}         : (3, 3)
    VariableRef in MOI.GreaterThan{Float64} : (20, 20)
Options
  Solver          : serial mode
  Risk measure    : SDDP.Expectation()
  Sampling scheme : SDDP.InSampleMonteCarlo

Numerical stability report
  Non-zero Matrix range     [1e+00, 8e+01]
  Non-zero Objective range  [1e+00, 1e+03]
  Non-zero Bounds range     [6e+01, 6e+01]
  Non-zero RHS range        [2e+02, 3e+03]
No problems detected

 Iteration    Simulation       Bound         Time (s)    Proc. ID   # Solves
       10    5.197500e+03   4.074139e+03   1.800099e+00          1        140
       20    2.308500e+03   4.074139e+03   1.815167e+00          1        280
       30    2.308500e+03   4.074139e+03   1.835136e+00          1        420
       40    2.308500e+03   4.074139e+03   1.859144e+00          1        560
       50    2.308500e+03   4.074139e+03   1.889410e+00          1        700

Terminating training
  Status         : iteration_limit
  Total time (s) : 1.889410e+00
  Total solves   : 700
  Best bound     :  4.074139e+03
  Simulation CI  :  4.469064e+03 ± 6.337382e+02
------------------------------------------------------------------------------
------------------------------------------------------------------------------
                      SDDP.jl (c) Oscar Dowson, 2017-21

Problem
  Nodes           : 3
  State variables : 1
  Scenarios       : 4.00000e+00
  Existing cuts   : false
  Subproblem structure                      : (min, max)
    Variables                               : (6, 6)
    VariableRef in MOI.LessThan{Float64}    : (2, 3)
    VariableRef in MOI.GreaterThan{Float64} : (4, 4)
    AffExpr in MOI.EqualTo{Float64}         : (1, 1)
    VariableRef in MOI.Integer              : (3, 3)
Options
  Solver          : serial mode
  Risk measure    : SDDP.Expectation()
  Sampling scheme : SDDP.InSampleMonteCarlo

Numerical stability report
  Non-zero Matrix range     [1e+00, 1e+00]
  Non-zero Objective range  [1e+00, 3e+02]
  Non-zero Bounds range     [1e+02, 2e+02]
  Non-zero RHS range        [0e+00, 0e+00]
No problems detected

 Iteration    Simulation       Bound         Time (s)    Proc. ID   # Solves
       10L   4.000000e+04   6.250000e+04   4.522043e+00          1         80
       20L   6.000000e+04   6.250000e+04   4.534639e+00          1        160

Terminating training
  Status         : iteration_limit
  Total time (s) : 4.534639e+00
  Total solves   : 160
  Best bound     :  6.250000e+04
  Simulation CI  :  5.472500e+04 ± 7.346552e+03
------------------------------------------------------------------------------
------------------------------------------------------------------------------
                      SDDP.jl (c) Oscar Dowson, 2017-21

Problem
  Nodes           : 3
  State variables : 1
  Scenarios       : 4.00000e+00
  Existing cuts   : false
  Subproblem structure                      : (min, max)
    Variables                               : (6, 6)
    VariableRef in MOI.LessThan{Float64}    : (2, 3)
    VariableRef in MOI.GreaterThan{Float64} : (4, 4)
    AffExpr in MOI.EqualTo{Float64}         : (1, 1)
    VariableRef in MOI.Integer              : (3, 3)
Options
  Solver          : serial mode
  Risk measure    : SDDP.Expectation()
  Sampling scheme : SDDP.InSampleMonteCarlo

Numerical stability report
  Non-zero Matrix range     [1e+00, 1e+00]
  Non-zero Objective range  [1e+00, 3e+02]
  Non-zero Bounds range     [1e+02, 2e+02]
  Non-zero RHS range        [0e+00, 0e+00]
No problems detected

 Iteration    Simulation       Bound         Time (s)    Proc. ID   # Solves
       10    9.500000e+04   6.250000e+04   6.580830e-03          1         80
       20    4.000000e+04   6.250000e+04   1.386595e-02          1        160

Terminating training
  Status         : iteration_limit
  Total time (s) : 1.386595e-02
  Total solves   : 160
  Best bound     :  6.250000e+04
  Simulation CI  :  5.950000e+04 ± 8.933885e+03
------------------------------------------------------------------------------
------------------------------------------------------------------------------
                      SDDP.jl (c) Oscar Dowson, 2017-21

Problem
  Nodes           : 3
  State variables : 2
  Scenarios       : 1.00000e+00
  Existing cuts   : false
  Subproblem structure                      : (min, max)
    Variables                               : (6, 6)
    VariableRef in MOI.LessThan{Float64}    : (3, 3)
    VariableRef in MOI.ZeroOne              : (3, 3)
    VariableRef in MOI.GreaterThan{Float64} : (2, 3)
    AffExpr in MOI.EqualTo{Float64}         : (2, 2)
Options
  Solver          : serial mode
  Risk measure    : SDDP.Expectation()
  Sampling scheme : SDDP.InSampleMonteCarlo

Numerical stability report
  Non-zero Matrix range     [1e+00, 1e+00]
  Non-zero Objective range  [1e+00, 6e+00]
  Non-zero Bounds range     [1e+00, 1e+02]
  Non-zero RHS range        [0e+00, 0e+00]
No problems detected

 Iteration    Simulation       Bound         Time (s)    Proc. ID   # Solves
        5L   9.000000e+00   9.000000e+00   4.827092e-01          1         30
       10L   9.000000e+00   9.000000e+00   4.870660e-01          1         60

Terminating training
  Status         : iteration_limit
  Total time (s) : 4.870660e-01
  Total solves   : 60
  Best bound     :  9.000000e+00
  Simulation CI  :  8.700000e+00 ± 5.880000e-01
------------------------------------------------------------------------------
------------------------------------------------------------------------------
                      SDDP.jl (c) Oscar Dowson, 2017-21

Problem
  Nodes           : 7
  State variables : 2
  Scenarios       : 8.00000e+00
  Existing cuts   : false
  Subproblem structure                      : (min, max)
    Variables                               : (5, 7)
    VariableRef in MOI.LessThan{Float64}    : (1, 1)
    VariableRef in MOI.GreaterThan{Float64} : (3, 5)
    AffExpr in MOI.EqualTo{Float64}         : (1, 1)
Options
  Solver          : serial mode
  Risk measure    : SDDP.Expectation()
  Sampling scheme : SDDP.InSampleMonteCarlo

Numerical stability report
  Non-zero Matrix range     [1e+00, 1e+00]
  Non-zero Objective range  [1e+00, 4e+00]
  Non-zero Bounds range     [1e+03, 1e+03]
  Non-zero RHS range        [6e+01, 8e+01]
No problems detected

 Iteration    Simulation       Bound         Time (s)    Proc. ID   # Solves
        5   -9.185804e-01   1.012171e+00   1.641011e-02          1         55
       10    0.000000e+00   1.508191e+00   1.961207e-02          1        110
       15    1.563194e-13   1.514085e+00   2.320504e-02          1        165
       20   -1.428571e+00   1.514085e+00   2.734303e-02          1        220
       25   -1.428571e+00   1.514085e+00   3.474998e-02          1        275

Terminating training
  Status         : iteration_limit
  Total time (s) : 3.474998e-02
  Total solves   : 275
  Best bound     :  1.514085e+00
  Simulation CI  :  3.903525e+00 ± 7.001261e+00
------------------------------------------------------------------------------
------------------------------------------------------------------------------
                      SDDP.jl (c) Oscar Dowson, 2017-21

Problem
  Nodes           : 7
  State variables : 2
  Scenarios       : 3.20000e+01
  Existing cuts   : false
  Subproblem structure                      : (min, max)
    Variables                               : (5, 7)
    VariableRef in MOI.LessThan{Float64}    : (1, 1)
    VariableRef in MOI.GreaterThan{Float64} : (2, 5)
    AffExpr in MOI.EqualTo{Float64}         : (1, 1)
Options
  Solver          : serial mode
  Risk measure    : #4
  Sampling scheme : SDDP.InSampleMonteCarlo

Numerical stability report
  Non-zero Matrix range     [1e+00, 1e+00]
  Non-zero Objective range  [2e-02, 4e+00]
  Non-zero Bounds range     [1e+03, 1e+03]
  Non-zero RHS range        [6e+01, 8e+01]
No problems detected

 Iteration    Simulation       Bound         Time (s)    Proc. ID   # Solves
       10    6.856766e+00   1.462514e+00   5.730891e-01          1        150
       20    8.362212e+00   1.278410e+00   5.819261e-01          1        300
       30    6.740000e+00   1.278410e+00   5.917830e-01          1        450
       40    1.739648e+01   1.278410e+00   6.037841e-01          1        600
       50   -5.614035e+00   1.278410e+00   6.564572e-01          1        750
       60    2.825352e+00   1.278410e+00   6.735260e-01          1        900
       70   -5.003795e+01   1.278410e+00   6.938500e-01          1       1050
       80    8.362212e+00   1.278410e+00   7.158930e-01          1       1200
       90   -3.575118e+00   1.278410e+00   7.385180e-01          1       1350
      100    6.835609e+00   1.278410e+00   7.647691e-01          1       1500

Terminating training
  Status         : iteration_limit
  Total time (s) : 7.647691e-01
  Total solves   : 1500
  Best bound     :  1.278410e+00
  Simulation CI  :  2.401424e+00 ± 3.920386e+00
------------------------------------------------------------------------------
------------------------------------------------------------------------------
                      SDDP.jl (c) Oscar Dowson, 2017-21

Problem
  Nodes           : 7
  State variables : 2
  Scenarios       : 3.20000e+01
  Existing cuts   : false
  Subproblem structure                      : (min, max)
    Variables                               : (5, 7)
    VariableRef in MOI.LessThan{Float64}    : (1, 1)
    VariableRef in MOI.GreaterThan{Float64} : (2, 5)
    AffExpr in MOI.EqualTo{Float64}         : (1, 1)
Options
  Solver          : serial mode
  Risk measure    : #4
  Sampling scheme : SDDP.InSampleMonteCarlo

Numerical stability report
  Non-zero Matrix range     [1e+00, 1e+00]
  Non-zero Objective range  [2e-02, 4e+00]
  Non-zero Bounds range     [1e+03, 1e+03]
  Non-zero RHS range        [6e+01, 8e+01]
No problems detected

 Iteration    Simulation       Bound         Time (s)    Proc. ID   # Solves
       10   -2.503273e-01   1.427038e+00   8.285046e-03          1        150
       20   -1.882885e+01   1.278659e+00   1.829219e-02          1        300
       30    1.522212e+00   1.278410e+00   2.915907e-02          1        450
       40    7.320288e+00   1.278410e+00   4.144096e-02          1        600
       50    2.019026e+00   1.278410e+00   5.429912e-02          1        750
       60    6.835609e+00   1.278410e+00   6.966710e-02          1        900
       70    2.019026e+00   1.278410e+00   8.634996e-02          1       1050
       80    1.051603e-12   1.278410e+00   1.036971e-01          1       1200
       90    7.320288e+00   1.278410e+00   1.557770e-01          1       1350
      100    1.786499e+01   1.278410e+00   1.740150e-01          1       1500

Terminating training
  Status         : iteration_limit
  Total time (s) : 1.740150e-01
  Total solves   : 1500
  Best bound     :  1.278410e+00
  Simulation CI  :  4.210342e+00 ± 3.817185e+00
------------------------------------------------------------------------------
------------------------------------------------------------------------------
                      SDDP.jl (c) Oscar Dowson, 2017-21

Problem
  Nodes           : 4
  State variables : 1
  Scenarios       : Inf
  Existing cuts   : false
  Subproblem structure                      : (min, max)
    Variables                               : (7, 7)
    VariableRef in MOI.EqualTo{Float64}     : (1, 1)
    VariableRef in MOI.LessThan{Float64}    : (3, 3)
    AffExpr in MOI.GreaterThan{Float64}     : (2, 2)
    AffExpr in MOI.EqualTo{Float64}         : (1, 1)
    VariableRef in MOI.GreaterThan{Float64} : (5, 5)
Options
  Solver          : serial mode
  Risk measure    : SDDP.Expectation()
  Sampling scheme : SDDP.InSampleMonteCarlo

Numerical stability report
  Non-zero Matrix range     [1e+00, 1e+00]
  Non-zero Objective range  [1e+00, 2e+00]
  Non-zero Bounds range     [2e+00, 1e+02]
  Non-zero RHS range        [0e+00, 0e+00]
No problems detected

 Iteration    Simulation       Bound         Time (s)    Proc. ID   # Solves
       10    4.097179e+00   9.373521e+00   2.259554e+00          1        900
       20    4.000000e+00   1.243522e+01   2.437933e+00          1       1720
       30    4.100000e+01   1.573529e+01   2.669826e+00          1       3036
       40    1.472702e+01   1.728188e+01   2.996596e+00          1       4192
       50    3.277458e+00   1.822939e+01   3.261017e+00          1       5020
       60    1.200000e+01   1.907926e+01   3.517819e+00          1       5808
       70    9.426025e+00   1.937267e+01   3.784645e+00          1       6540
       80    6.069293e+01   1.954773e+01   3.975108e+00          1       7088
       90    3.859604e+01   1.982131e+01   4.529642e+00          1       8180
      100    7.228370e+00   1.991317e+01   4.791685e+00          1       8664

Terminating training
  Status         : iteration_limit
  Total time (s) : 4.791685e+00
  Total solves   : 8664
  Best bound     :  1.991317e+01
  Simulation CI  :  2.279970e+01 ± 4.635294e+00
------------------------------------------------------------------------------
------------------------------------------------------------------------------
                      SDDP.jl (c) Oscar Dowson, 2017-21

Problem
  Nodes           : 5
  State variables : 2
  Scenarios       : 3.20000e+01
  Existing cuts   : false
  Subproblem structure                      : (min, max)
    Variables                               : (10, 10)
    VariableRef in MOI.LessThan{Float64}    : (6, 6)
    VariableRef in MOI.ZeroOne              : (5, 5)
    AffExpr in MOI.LessThan{Float64}        : (6, 6)
    AffExpr in MOI.GreaterThan{Float64}     : (2, 2)
    AffExpr in MOI.EqualTo{Float64}         : (2, 2)
    VariableRef in MOI.GreaterThan{Float64} : (5, 6)
Options
  Solver          : serial mode
  Risk measure    : SDDP.Expectation()
  Sampling scheme : SDDP.InSampleMonteCarlo

Numerical stability report
  Non-zero Matrix range     [1e+00, 1e+00]
  Non-zero Objective range  [1e+00, 6e+00]
  Non-zero Bounds range     [1e+00, 1e+01]
  Non-zero RHS range        [1e+00, 1e+00]
No problems detected

 Iteration    Simulation       Bound         Time (s)    Proc. ID   # Solves
        5    4.000000e+00   8.754008e+00   3.129771e-01          1         75
       10    5.000000e+00   8.091667e+00   3.189900e-01          1        150

Terminating training
  Status         : iteration_limit
  Total time (s) : 3.189900e-01
  Total solves   : 150
  Best bound     :  8.091667e+00
  Simulation CI  :  6.700000e+00 ± 1.825830e+00
------------------------------------------------------------------------------
------------------------------------------------------------------------------
                      SDDP.jl (c) Oscar Dowson, 2017-21

Problem
  Nodes           : 3
  State variables : 4
  Scenarios       : 2.16000e+02
  Existing cuts   : false
  Subproblem structure                      : (min, max)
    Variables                               : (18, 18)
    VariableRef in MOI.LessThan{Float64}    : (10, 10)
    VariableRef in MOI.ZeroOne              : (9, 9)
    AffExpr in MOI.LessThan{Float64}        : (12, 12)
    AffExpr in MOI.GreaterThan{Float64}     : (4, 4)
    AffExpr in MOI.EqualTo{Float64}         : (4, 4)
    VariableRef in MOI.GreaterThan{Float64} : (9, 10)
Options
  Solver          : serial mode
  Risk measure    : SDDP.Expectation()
  Sampling scheme : SDDP.InSampleMonteCarlo

Numerical stability report
  Non-zero Matrix range     [1e+00, 1e+00]
  Non-zero Objective range  [1e+00, 4e+00]
  Non-zero Bounds range     [1e+00, 2e+01]
  Non-zero RHS range        [1e+00, 1e+00]
No problems detected

 Iteration    Simulation       Bound         Time (s)    Proc. ID   # Solves
       10    5.000000e+00   6.836352e+00   1.686552e-01          1        210
       20    9.000000e+00   6.539269e+00   1.921692e-01          1        420
       30    5.000000e+00   6.469788e+00   2.161381e-01          1        630
       40    7.000000e+00   6.372979e+00   2.399480e-01          1        840
       50    6.000000e+00   6.372979e+00   2.687130e-01          1       1050

Terminating training
  Status         : iteration_limit
  Total time (s) : 2.687130e-01
  Total solves   : 1050
  Best bound     :  6.372979e+00
  Simulation CI  :  5.620000e+00 ± 6.431229e-01
------------------------------------------------------------------------------
------------------------------------------------------------------------------
                      SDDP.jl (c) Oscar Dowson, 2017-21

Problem
  Nodes           : 5
  State variables : 5
  Scenarios       : 3.27680e+04
  Existing cuts   : false
  Subproblem structure                      : (min, max)
    Variables                               : (14, 14)
    VariableRef in MOI.LessThan{Float64}    : (5, 6)
    AffExpr in MOI.LessThan{Float64}        : (4, 4)
    AffExpr in MOI.GreaterThan{Float64}     : (7, 7)
    VariableRef in MOI.GreaterThan{Float64} : (8, 8)
    VariableRef in MOI.Integer              : (5, 5)
Options
  Solver          : serial mode
  Risk measure    : SDDP.Expectation()
  Sampling scheme : SDDP.InSampleMonteCarlo

Numerical stability report
  Non-zero Matrix range     [1e+00, 1e+00]
  Non-zero Objective range  [1e+00, 5e+05]
  Non-zero Bounds range     [1e+00, 1e+00]
  Non-zero RHS range        [0e+00, 0e+00]
No problems detected

 Iteration    Simulation       Bound         Time (s)    Proc. ID   # Solves
       10    2.049572e+06   2.078502e+06   6.222200e-02          1        420
       20    7.992666e+05   2.078659e+06   9.533381e-02          1        840
       30    2.799657e+06   2.078698e+06   1.307950e-01          1       1260
       40    3.549781e+06   2.078698e+06   1.736028e-01          1       1680
       50    2.299863e+06   2.078698e+06   3.073618e-01          1       2100

Terminating training
  Status         : iteration_limit
  Total time (s) : 3.073618e-01
  Total solves   : 2100
  Best bound     :  2.078698e+06
  Simulation CI  :  2.098280e+06 ± 5.287447e+05
------------------------------------------------------------------------------
------------------------------------------------------------------------------
                      SDDP.jl (c) Oscar Dowson, 2017-21

Problem
  Nodes           : 5
  State variables : 5
  Scenarios       : 3.27680e+04
  Existing cuts   : false
  Subproblem structure                      : (min, max)
    Variables                               : (14, 14)
    VariableRef in MOI.LessThan{Float64}    : (5, 6)
    AffExpr in MOI.LessThan{Float64}        : (4, 4)
    AffExpr in MOI.GreaterThan{Float64}     : (7, 7)
    VariableRef in MOI.GreaterThan{Float64} : (8, 8)
    VariableRef in MOI.Integer              : (5, 5)
Options
  Solver          : serial mode
  Risk measure    : SDDP.Expectation()
  Sampling scheme : SDDP.InSampleMonteCarlo

Numerical stability report
  Non-zero Matrix range     [1e+00, 1e+00]
  Non-zero Objective range  [1e+00, 5e+05]
  Non-zero Bounds range     [1e+00, 1e+00]
  Non-zero RHS range        [0e+00, 0e+00]
No problems detected

 Iteration    Simulation       Bound         Time (s)    Proc. ID   # Solves
       10L   1.799851e+06   2.079330e+06   1.446729e-01          1        420
       20L   4.799876e+06   2.079394e+06   2.864299e-01          1        840
       30L   5.549868e+06   2.079457e+06   4.298940e-01          1       1260
       40L   3.299779e+06   2.079457e+06   6.564159e-01          1       1680
       50L   3.549676e+06   2.079457e+06   7.980690e-01          1       2100

Terminating training
  Status         : iteration_limit
  Total time (s) : 7.980690e-01
  Total solves   : 2100
  Best bound     :  2.079457e+06
  Simulation CI  :  2.288495e+06 ± 5.111693e+05
------------------------------------------------------------------------------
------------------------------------------------------------------------------
                      SDDP.jl (c) Oscar Dowson, 2017-21

Problem
  Nodes           : 1
  State variables : 1
  Scenarios       : Inf
  Existing cuts   : false
  Subproblem structure                      : (min, max)
    Variables                               : (8, 8)
    VariableRef in MOI.LessThan{Float64}    : (1, 1)
    VariableRef in MOI.GreaterThan{Float64} : (5, 5)
    AffExpr in MOI.EqualTo{Float64}         : (2, 2)
Options
  Solver          : serial mode
  Risk measure    : SDDP.Expectation()
  Sampling scheme : SDDP.InSampleMonteCarlo

Numerical stability report
  Non-zero Matrix range     [1e+00, 1e+00]
  Non-zero Objective range  [1e+00, 1e+01]
  Non-zero Bounds range     [5e+00, 2e+01]
  Non-zero RHS range        [0e+00, 0e+00]
No problems detected

 Iteration    Simulation       Bound         Time (s)    Proc. ID   # Solves
      100    2.500000e+00   1.188993e+02   7.828631e-01          1       1040
      200   -2.213529e-14   1.191654e+02   8.409832e-01          1       2088
      300    0.000000e+00   1.191667e+02   9.079452e-01          1       3148
      400    0.000000e+00   1.191667e+02   9.815950e-01          1       4188
      500    2.500000e+01   1.191667e+02   1.062915e+00          1       5244
      600    7.500000e+01   1.191667e+02   1.156978e+00          1       6304
      700    0.000000e+00   1.191667e+02   1.304891e+00          1       7360
      800    7.500000e+00   1.191667e+02   1.465938e+00          1       8420
      900    2.500000e+00   1.191667e+02   1.698025e+00          1       9468
     1000    0.000000e+00   1.191667e+02   1.930459e+00          1      10528

Terminating training
  Status         : time_limit
  Total time (s) : 2.001116e+00
  Total solves   : 10781
  Best bound     :  1.191667e+02
  Simulation CI  :  2.023949e+01 ± 1.794135e+00
------------------------------------------------------------------------------
------------------------------------------------------------------------------
                      SDDP.jl (c) Oscar Dowson, 2017-21

Problem
  Nodes           : 1
  State variables : 1
  Scenarios       : Inf
  Existing cuts   : false
  Subproblem structure                      : (min, max)
    Variables                               : (8, 8)
    VariableRef in MOI.LessThan{Float64}    : (1, 1)
    VariableRef in MOI.GreaterThan{Float64} : (5, 5)
    AffExpr in MOI.EqualTo{Float64}         : (2, 2)
Options
  Solver          : serial mode
  Risk measure    : SDDP.Expectation()
  Sampling scheme : SDDP.InSampleMonteCarlo

Numerical stability report
  Non-zero Matrix range     [1e+00, 1e+00]
  Non-zero Objective range  [1e+00, 1e+01]
  Non-zero Bounds range     [5e+00, 2e+01]
  Non-zero RHS range        [0e+00, 0e+00]
No problems detected

 Iteration    Simulation       Bound         Time (s)    Proc. ID   # Solves
      100    5.000000e+01   1.189865e+02   5.326200e-02          1       1060
      200    1.076580e-14   1.191644e+02   1.477551e-01          1       2112
      300    2.500000e+01   1.191666e+02   2.206900e-01          1       3168
      400    2.500000e+01   1.191667e+02   3.096850e-01          1       4236
      500    5.000000e+00   1.191667e+02   4.084260e-01          1       5304
      600   -1.076580e-14   1.191667e+02   5.063500e-01          1       6348
      700    1.431851e-14   1.191667e+02   6.125641e-01          1       7388
      800    7.500000e+00   1.191667e+02   7.382660e-01          1       8432
      900    1.000000e+02   1.191667e+02   9.396780e-01          1       9496
     1000    1.000000e+01   1.191667e+02   1.176808e+00          1      10552
     1100    2.500000e+00   1.191667e+02   1.382896e+00          1      11604
     1200    3.250000e+01   1.191667e+02   1.580770e+00          1      12664
     1300    0.000000e+00   1.191667e+02   1.817509e+00          1      13708

Terminating training
  Status         : time_limit
  Total time (s) : 2.000955e+00
  Total solves   : 14607
  Best bound     :  1.191667e+02
  Simulation CI  :  2.056137e+01 ± 1.634150e+00
------------------------------------------------------------------------------
------------------------------------------------------------------------------
                      SDDP.jl (c) Oscar Dowson, 2017-21

Problem
  Nodes           : 1
  State variables : 1
  Scenarios       : Inf
  Existing cuts   : false
  Subproblem structure                      : (min, max)
    Variables                               : (3, 3)
    VariableRef in MOI.GreaterThan{Float64} : (1, 1)
    AffExpr in MOI.EqualTo{Float64}         : (1, 1)
Options
  Solver          : serial mode
  Risk measure    : SDDP.Expectation()
  Sampling scheme : SDDP.InSampleMonteCarlo

Numerical stability report
  Non-zero Matrix range     [1e+00, 1e+00]
  Non-zero Objective range  [1e+00, 1e+00]
  Non-zero Bounds range     [0e+00, 0e+00]
  Non-zero RHS range        [0e+00, 0e+00]
No problems detected

 Iteration    Simulation       Bound         Time (s)    Proc. ID   # Solves
       10    3.200000e+01   1.999334e+01   6.746054e-03          1        160
       20    1.200000e+01   2.000000e+01   1.687312e-02          1        364
       30    4.000000e+00   2.000000e+01   2.594805e-02          1        514
       40    1.200000e+01   2.000000e+01   3.581119e-02          1        660
       50    2.000000e+00   2.000000e+01   5.193710e-02          1        786
       60    1.400000e+01   2.000000e+01   3.409882e-01          1       1102
       70    3.600000e+01   2.000000e+01   6.791842e-01          1       1284
       80    1.400000e+01   2.000000e+01   1.172055e+00          1       1470
       90    3.200000e+01   2.000000e+01   1.844117e+00          1       1644
      100    3.000000e+01   2.000000e+01   3.258013e+00          1       1876

Terminating training
  Status         : iteration_limit
  Total time (s) : 3.258013e+00
  Total solves   : 1876
  Best bound     :  2.000000e+01
  Simulation CI  :  1.776000e+01 ± 3.376380e+00
------------------------------------------------------------------------------
------------------------------------------------------------------------------
                      SDDP.jl (c) Oscar Dowson, 2017-21

Problem
  Nodes           : 1
  State variables : 1
  Scenarios       : Inf
  Existing cuts   : false
  Subproblem structure                      : (min, max)
    Variables                               : (3, 3)
    VariableRef in MOI.GreaterThan{Float64} : (1, 1)
    AffExpr in MOI.EqualTo{Float64}         : (1, 1)
Options
  Solver          : serial mode
  Risk measure    : SDDP.Expectation()
  Sampling scheme : SDDP.InSampleMonteCarlo

Numerical stability report
  Non-zero Matrix range     [1e+00, 1e+00]
  Non-zero Objective range  [1e+00, 1e+00]
  Non-zero Bounds range     [0e+00, 0e+00]
  Non-zero RHS range        [0e+00, 0e+00]
No problems detected

 Iteration    Simulation       Bound         Time (s)    Proc. ID   # Solves
       10    1.000000e+00   1.999985e+00   2.340078e-03          1         42
       20    1.000000e+00   2.000000e+00   4.547119e-03          1         90

Terminating training
  Status         : iteration_limit
  Total time (s) : 4.547119e-03
  Total solves   : 90
  Best bound     :  2.000000e+00
  Simulation CI  :  1.750000e+00 ± 3.728341e-01
------------------------------------------------------------------------------
------------------------------------------------------------------------------
                      SDDP.jl (c) Oscar Dowson, 2017-21

Problem
  Nodes           : 3
  State variables : 1
  Scenarios       : 8.51840e+04
  Existing cuts   : false
  Subproblem structure                      : (min, max)
    Variables                               : (6, 6)
    VariableRef in MOI.LessThan{Float64}    : (3, 3)
    AffExpr in MOI.LessThan{Float64}        : (2, 2)
    VariableRef in MOI.GreaterThan{Float64} : (3, 4)
    AffExpr in MOI.EqualTo{Float64}         : (1, 3)
Options
  Solver          : serial mode
  Risk measure    : SDDP.Expectation()
  Sampling scheme : SDDP.InSampleMonteCarlo

Numerical stability report
  Non-zero Matrix range     [8e-01, 2e+00]
  Non-zero Objective range  [1e+00, 2e+00]
  Non-zero Bounds range     [1e+00, 1e+02]
  Non-zero RHS range        [5e+01, 5e+01]
No problems detected

 Iteration    Simulation       Bound         Time (s)    Proc. ID   # Solves
       10    3.675000e+00   4.114787e+00   2.936559e-01          1       1350
       20    5.062500e+00   4.109023e+00   3.295400e-01          1       2700
       30    4.500000e+00   4.103848e+00   3.699570e-01          1       4050
       40    3.812500e+00   4.102282e+00   4.146569e-01          1       5400
       50    4.725000e+00   4.095432e+00   4.714949e-01          1       6750
       60    4.050000e+00   4.092940e+00   5.526180e-01          1       8100
       70    4.600000e+00   4.091495e+00   6.068349e-01          1       9450
       80    3.875000e+00   4.089711e+00   6.623530e-01          1      10800
       90    3.750000e+00   4.089084e+00   7.201960e-01          1      12150
      100    5.125000e+00   4.087476e+00   7.916899e-01          1      13500

Terminating training
  Status         : iteration_limit
  Total time (s) : 7.916899e-01
  Total solves   : 13500
  Best bound     :  4.087476e+00
  Simulation CI  :  4.028375e+00 ± 1.464313e-01
------------------------------------------------------------------------------
------------------------------------------------------------------------------
                      SDDP.jl (c) Oscar Dowson, 2017-21

Problem
  Nodes           : 3
  State variables : 1
  Scenarios       : 8.51840e+04
  Existing cuts   : false
  Subproblem structure                      : (min, max)
    Variables                               : (6, 6)
    VariableRef in MOI.LessThan{Float64}    : (3, 3)
    AffExpr in MOI.LessThan{Float64}        : (2, 2)
    VariableRef in MOI.GreaterThan{Float64} : (3, 4)
    AffExpr in MOI.EqualTo{Float64}         : (1, 3)
Options
  Solver          : serial mode
  Risk measure    : SDDP.Expectation()
  Sampling scheme : SDDP.InSampleMonteCarlo

Numerical stability report
  Non-zero Matrix range     [8e-01, 2e+00]
  Non-zero Objective range  [1e+00, 2e+00]
  Non-zero Bounds range     [1e+00, 1e+02]
  Non-zero RHS range        [5e+01, 5e+01]
No problems detected

 Iteration    Simulation       Bound         Time (s)    Proc. ID   # Solves
       10    4.004687e+00   5.039491e+00   3.405750e-01          1       1350
       20    4.750000e+00   4.344151e+00   8.702540e-01          1       2700
       30    3.562500e+00   4.339911e+00   1.722850e+00          1       4050
       40    3.875000e+00   4.338716e+00   3.126902e+00          1       5400
       50    3.621591e+00   4.046738e+00   4.570372e+00          1       6750
       60    3.494318e+00   4.044659e+00   6.297927e+00          1       8100
       70    4.875000e+00   4.043534e+00   8.373947e+00          1       9450
       80    4.012500e+00   4.043311e+00   1.111889e+01          1      10800
       90    3.900000e+00   4.042466e+00   1.414905e+01          1      12150
      100    4.818750e+00   4.042373e+00   1.741946e+01          1      13500

Terminating training
  Status         : iteration_limit
  Total time (s) : 1.741946e+01
  Total solves   : 13500
  Best bound     :  4.042373e+00
  Simulation CI  :  4.066478e+00 ± 1.430263e-01
------------------------------------------------------------------------------
------------------------------------------------------------------------------
                      SDDP.jl (c) Oscar Dowson, 2017-21

Problem
  Nodes           : 8
  State variables : 1
  Scenarios       : 1.00000e+08
  Existing cuts   : false
  Subproblem structure                      : (min, max)
    Variables                               : (7, 7)
    VariableRef in MOI.LessThan{Float64}    : (1, 2)
    VariableRef in MOI.ZeroOne              : (1, 1)
    AffExpr in MOI.GreaterThan{Float64}     : (2, 2)
    AffExpr in MOI.EqualTo{Float64}         : (1, 1)
    VariableRef in MOI.GreaterThan{Float64} : (4, 4)
Options
  Solver          : serial mode
  Risk measure    : SDDP.Expectation()
  Sampling scheme : SDDP.InSampleMonteCarlo

Numerical stability report
  Non-zero Matrix range     [1e+00, 2e+00]
  Non-zero Objective range  [5e-01, 1e+00]
  Non-zero Bounds range     [1e+00, 1e+00]
  Non-zero RHS range        [1e+00, 1e+00]
No problems detected

 Iteration    Simulation       Bound         Time (s)    Proc. ID   # Solves
       10    2.897298e+00   1.160850e+00   2.608490e-02          1        880
       20    2.796519e+00   1.166965e+00   5.321002e-02          1       1760
       30    3.396455e+00   1.167299e+00   8.286500e-02          1       2640
       40    2.971251e+00   1.167416e+00   1.163559e-01          1       3520
       50    2.844899e+00   1.167416e+00   1.566720e-01          1       4400
       60    3.547142e+00   1.167416e+00   2.268569e-01          1       5280
       70    2.699297e+00   1.167416e+00   2.697370e-01          1       6160
       80    3.845040e+00   1.167416e+00   3.147631e-01          1       7040
       90    2.483668e+00   1.167416e+00   3.623450e-01          1       7920
      100    3.167302e+00   1.167416e+00   4.392569e-01          1       8800

Terminating training
  Status         : iteration_limit
  Total time (s) : 4.392569e-01
  Total solves   : 8800
  Best bound     :  1.167416e+00
  Simulation CI  :  3.226561e+00 ± 9.112639e-02
------------------------------------------------------------------------------
------------------------------------------------------------------------------
                      SDDP.jl (c) Oscar Dowson, 2017-21

Problem
  Nodes           : 2
  State variables : 2
  Scenarios       : 4.00000e+00
  Existing cuts   : false
  Subproblem structure                      : (min, max)
    Variables                               : (7, 11)
    VariableRef in MOI.LessThan{Float64}    : (4, 7)
    VariableRef in MOI.ZeroOne              : (4, 4)
    AffExpr in MOI.LessThan{Float64}        : (2, 2)
    VariableRef in MOI.GreaterThan{Float64} : (5, 7)
    AffExpr in MOI.EqualTo{Float64}         : (2, 2)
    VariableRef in MOI.Integer              : (2, 2)
Options
  Solver          : serial mode
  Risk measure    : SDDP.Expectation()
  Sampling scheme : SDDP.InSampleMonteCarlo

Numerical stability report
  Non-zero Matrix range     [1e+00, 6e+00]
  Non-zero Objective range  [1e+00, 3e+01]
  Non-zero Bounds range     [1e+00, 1e+02]
  Non-zero RHS range        [0e+00, 0e+00]
No problems detected

 Iteration    Simulation       Bound         Time (s)    Proc. ID   # Solves
       10   -4.700000e+01  -5.809615e+01   6.971836e-03          1         70
       20   -9.800000e+01  -5.809615e+01   1.457095e-02          1        140
       30   -4.700000e+01  -5.809615e+01   2.086902e-02          1        210
       40   -4.700000e+01  -5.809615e+01   2.747583e-02          1        280
       50   -4.700000e+01  -5.809615e+01   3.466392e-02          1        350
       60   -4.700000e+01  -5.809615e+01   4.250288e-02          1        420
       70   -4.000000e+01  -5.809615e+01   5.048394e-02          1        490
       80   -4.700000e+01  -5.809615e+01   6.035781e-02          1        560
       90   -4.000000e+01  -5.809615e+01   6.793594e-02          1        630
      100   -4.000000e+01  -5.809615e+01   7.730699e-02          1        700

Terminating training
  Status         : iteration_limit
  Total time (s) : 7.730699e-02
  Total solves   : 700
  Best bound     : -5.809615e+01
  Simulation CI  : -5.701500e+01 ± 4.798867e+00
------------------------------------------------------------------------------
------------------------------------------------------------------------------
                      SDDP.jl (c) Oscar Dowson, 2017-21

Problem
  Nodes           : 2
  State variables : 2
  Scenarios       : 9.00000e+00
  Existing cuts   : false
  Subproblem structure                      : (min, max)
    Variables                               : (7, 11)
    VariableRef in MOI.LessThan{Float64}    : (4, 7)
    VariableRef in MOI.ZeroOne              : (4, 4)
    AffExpr in MOI.LessThan{Float64}        : (2, 2)
    VariableRef in MOI.GreaterThan{Float64} : (5, 7)
    AffExpr in MOI.EqualTo{Float64}         : (2, 2)
    VariableRef in MOI.Integer              : (2, 2)
Options
  Solver          : serial mode
  Risk measure    : SDDP.Expectation()
  Sampling scheme : SDDP.InSampleMonteCarlo

Numerical stability report
  Non-zero Matrix range     [1e+00, 6e+00]
  Non-zero Objective range  [1e+00, 3e+01]
  Non-zero Bounds range     [1e+00, 1e+02]
  Non-zero RHS range        [0e+00, 0e+00]
No problems detected

 Iteration    Simulation       Bound         Time (s)    Proc. ID   # Solves
       10   -8.200000e+01  -6.196125e+01   8.366108e-03          1        120
       20   -7.500000e+01  -6.196125e+01   1.659298e-02          1        240
       30   -4.000000e+01  -6.196125e+01   2.697396e-02          1        360
       40   -7.500000e+01  -6.196125e+01   3.748202e-02          1        480
       50   -4.000000e+01  -6.196125e+01   4.755402e-02          1        600
       60   -4.700000e+01  -6.196125e+01   5.888796e-02          1        720
       70   -7.500000e+01  -6.196125e+01   7.023692e-02          1        840
       80   -4.700000e+01  -6.196125e+01   1.156559e-01          1        960
       90   -6.300000e+01  -6.196125e+01   1.281030e-01          1       1080
      100   -9.800000e+01  -6.196125e+01   1.404879e-01          1       1200

Terminating training
  Status         : iteration_limit
  Total time (s) : 1.404879e-01
  Total solves   : 1200
  Best bound     : -6.196125e+01
  Simulation CI  : -6.002500e+01 ± 3.925153e+00
------------------------------------------------------------------------------
------------------------------------------------------------------------------
                      SDDP.jl (c) Oscar Dowson, 2017-21

Problem
  Nodes           : 2
  State variables : 2
  Scenarios       : 3.60000e+01
  Existing cuts   : false
  Subproblem structure                      : (min, max)
    Variables                               : (7, 11)
    VariableRef in MOI.LessThan{Float64}    : (4, 7)
    VariableRef in MOI.ZeroOne              : (4, 4)
    AffExpr in MOI.LessThan{Float64}        : (2, 2)
    VariableRef in MOI.GreaterThan{Float64} : (5, 7)
    AffExpr in MOI.EqualTo{Float64}         : (2, 2)
    VariableRef in MOI.Integer              : (2, 2)
Options
  Solver          : serial mode
  Risk measure    : SDDP.Expectation()
  Sampling scheme : SDDP.InSampleMonteCarlo

Numerical stability report
  Non-zero Matrix range     [1e+00, 6e+00]
  Non-zero Objective range  [1e+00, 3e+01]
  Non-zero Bounds range     [1e+00, 1e+02]
  Non-zero RHS range        [0e+00, 0e+00]
No problems detected

 Iteration    Simulation       Bound         Time (s)    Proc. ID   # Solves
       10   -8.200000e+01  -6.546793e+01   3.021693e-02          1        390
       20   -5.400000e+01  -6.546793e+01   4.413891e-02          1        780
       30   -6.300000e+01  -6.546793e+01   5.836582e-02          1       1170
       40   -5.600000e+01  -6.546793e+01   7.346988e-02          1       1560
       50   -4.000000e+01  -6.546793e+01   8.916593e-02          1       1950
       60   -8.200000e+01  -6.546793e+01   1.053259e-01          1       2340
       70   -4.700000e+01  -6.546793e+01   1.215689e-01          1       2730
       80   -9.800000e+01  -6.546793e+01   1.392419e-01          1       3120
       90   -4.000000e+01  -6.546793e+01   1.559730e-01          1       3510
      100   -8.200000e+01  -6.546793e+01   1.737440e-01          1       3900

Terminating training
  Status         : iteration_limit
  Total time (s) : 1.737440e-01
  Total solves   : 3900
  Best bound     : -6.546793e+01
  Simulation CI  : -6.267500e+01 ± 3.232076e+00
------------------------------------------------------------------------------
------------------------------------------------------------------------------
                      SDDP.jl (c) Oscar Dowson, 2017-21

Problem
  Nodes           : 3
  State variables : 2
  Scenarios       : 2.70000e+01
  Existing cuts   : false
  Subproblem structure                      : (min, max)
    Variables                               : (9, 9)
    VariableRef in MOI.LessThan{Float64}    : (3, 3)
    VariableRef in MOI.ZeroOne              : (4, 4)
    AffExpr in MOI.LessThan{Float64}        : (2, 2)
    VariableRef in MOI.GreaterThan{Float64} : (2, 3)
    AffExpr in MOI.EqualTo{Float64}         : (2, 2)
Options
  Solver          : serial mode
  Risk measure    : SDDP.Expectation()
  Sampling scheme : SDDP.InSampleMonteCarlo

Numerical stability report
  Non-zero Matrix range     [1e+00, 1e+00]
  Non-zero Objective range  [1e+00, 6e+00]
  Non-zero Bounds range     [1e+00, 1e+02]
  Non-zero RHS range        [0e+00, 0e+00]
No problems detected

 Iteration    Simulation       Bound         Time (s)    Proc. ID   # Solves
        1L   6.000000e+00   1.200000e+01   2.155690e-01          1         11
        2L   1.200000e+01   8.777778e+00   1.758919e+00          1         22
        3L   3.000000e+00   8.777778e+00   1.792478e+00          1         33
        4L   9.000000e+00   8.333333e+00   1.795117e+00          1         44
        5L   1.200000e+01   8.000000e+00   1.797420e+00          1         55
        6L   6.000000e+00   8.000000e+00   1.799738e+00          1         66
        7L   6.000000e+00   8.000000e+00   1.801959e+00          1         77
        8L   1.200000e+01   8.000000e+00   1.804240e+00          1         88
        9L   6.000000e+00   8.000000e+00   1.806706e+00          1         99
       10L   6.000000e+00   8.000000e+00   1.809208e+00          1        110

Terminating training
  Status         : iteration_limit
  Total time (s) : 1.809208e+00
  Total solves   : 110
  Best bound     :  8.000000e+00
  Simulation CI  :  7.800000e+00 ± 1.998816e+00
------------------------------------------------------------------------------
------------------------------------------------------------------------------
                      SDDP.jl (c) Oscar Dowson, 2017-21

Problem
  Nodes           : 2
  State variables : 3
  Scenarios       : 3.00000e+00
  Existing cuts   : false
  Subproblem structure                      : (min, max)
    Variables                               : (7, 19)
    VariableRef in MOI.LessThan{Float64}    : (1, 2)
    AffExpr in MOI.LessThan{Float64}        : (1, 1)
    AffExpr in MOI.GreaterThan{Float64}     : (3, 3)
    AffExpr in MOI.EqualTo{Float64}         : (3, 3)
    VariableRef in MOI.GreaterThan{Float64} : (3, 16)
Options
  Solver          : serial mode
  Risk measure    : SDDP.Expectation()
  Sampling scheme : SDDP.InSampleMonteCarlo

Numerical stability report
  Non-zero Matrix range     [1e+00, 2e+01]
  Non-zero Objective range  [1e+00, 1e+03]
  Non-zero Bounds range     [6e+03, 5e+05]
  Non-zero RHS range        [2e+02, 5e+02]
No problems detected

 Iteration    Simulation       Bound         Time (s)    Proc. ID   # Solves
        1   -9.800000e+04   1.320000e+05   1.256943e-03          1          6
        2    2.800000e+04   1.290000e+05   1.799107e-03          1         12
        3    4.840000e+04   1.268139e+05   2.285004e-03          1         18
        4    3.003659e+04   1.219636e+05   2.657890e-03          1         24
        5    1.550000e+05   1.121210e+05   3.051996e-03          1         30
        6    1.589371e+05   1.104195e+05   3.627062e-03          1         36
        7    1.047405e+05   1.095042e+05   4.121065e-03          1         42
        8    5.125161e+04   1.088611e+05   4.591942e-03          1         48
        9    1.665556e+05   1.088021e+05   5.151033e-03          1         54
       10    1.093355e+05   1.084962e+05   5.706072e-03          1         60
       11    1.084962e+05   1.083900e+05   6.213903e-03          1         66
       12    1.093500e+05   1.083900e+05   6.659985e-03          1         72
       13    1.093500e+05   1.083900e+05   7.112026e-03          1         78
       14    1.093500e+05   1.083900e+05   7.569075e-03          1         84
       15    1.093500e+05   1.083900e+05   8.040905e-03          1         90
       16    1.670000e+05   1.083900e+05   8.492947e-03          1         96
       17    1.093500e+05   1.083900e+05   9.013891e-03          1        102
       18    1.670000e+05   1.083900e+05   9.587049e-03          1        108
       19    4.882000e+04   1.083900e+05   1.017690e-02          1        114
       20    4.882000e+04   1.083900e+05   1.075506e-02          1        120

Terminating training
  Status         : iteration_limit
  Total time (s) : 1.075506e-02
  Total solves   : 120
  Best bound     :  1.083900e+05
  Simulation CI  :  9.205715e+04 ± 2.822887e+04
------------------------------------------------------------------------------
------------------------------------------------------------------------------
                      SDDP.jl (c) Oscar Dowson, 2017-21

Problem
  Nodes           : 10
  State variables : 18
  Scenarios       : 1.19042e+17
  Existing cuts   : false
  Subproblem structure                      : (min, max)
    Variables                               : (163, 163)
    VariableRef in MOI.LessThan{Float64}    : (144, 145)
    VariableRef in MOI.ZeroOne              : (126, 126)
    AffExpr in MOI.LessThan{Float64}        : (54, 54)
    VariableRef in MOI.GreaterThan{Float64} : (145, 145)
    AffExpr in MOI.EqualTo{Float64}         : (37, 37)
Options
  Solver          : serial mode
  Risk measure    : SDDP.Expectation()
  Sampling scheme : SDDP.InSampleMonteCarlo

Numerical stability report
  Non-zero Matrix range     [1e+00, 1e+00]
  Non-zero Objective range  [1e+00, 4e+02]
  Non-zero Bounds range     [1e+00, 1e+00]
  Non-zero RHS range        [1e+00, 1e+00]
No problems detected

 Iteration    Simulation       Bound         Time (s)    Proc. ID   # Solves
       10    1.160000e+03   1.355255e+03   2.063908e+00          1       5200
       20    1.604000e+03   1.483853e+03   4.803079e+00          1      10400
       30    1.636000e+03   1.498986e+03   1.037088e+01          1      15600
       40    2.008000e+03   1.506975e+03   1.695754e+01          1      20800
       50    1.564000e+03   1.512969e+03   2.740044e+01          1      26000

Terminating training
  Status         : iteration_limit
  Total time (s) : 2.740044e+01
  Total solves   : 26000
  Best bound     :  1.512969e+03
  Simulation CI  :  1.732400e+03 ± 9.155717e+01
------------------------------------------------------------------------------
