------------------------------------------------------------------------------
                      SDDP.jl (c) Oscar Dowson, 2017-21

Problem
  Nodes           : 3
  State variables : 1
  Scenarios       : 1.33100e+03
  Existing cuts   : false
  Subproblem structure                      : (min, max)
    Variables                               : (9, 9)
    VariableRef in MOI.LessThan{Float64}    : (5, 6)
    AffExpr in MOI.GreaterThan{Float64}     : (3, 5)
    AffExpr in MOI.EqualTo{Float64}         : (2, 4)
    VariableRef in MOI.GreaterThan{Float64} : (8, 8)
Options
  Solver          : serial mode
  Risk measure    : SDDP.Expectation()
  Sampling scheme : SDDP.InSampleMonteCarlo

 Iteration    Simulation       Bound         Time (s)    Proc. ID   # Solves
        1    0.000000e+00   0.000000e+00   6.671462e-01          1         36
        2    0.000000e+00   0.000000e+00   7.180302e-01          1         72
        3    0.000000e+00   0.000000e+00   7.192280e-01          1        108
        4    0.000000e+00   0.000000e+00   7.203691e-01          1        144
        5    0.000000e+00   0.000000e+00   7.217901e-01          1        180
        6    0.000000e+00   0.000000e+00   7.229381e-01          1        216
        7    0.000000e+00   0.000000e+00   7.241061e-01          1        252
        8    0.000000e+00   0.000000e+00   7.256241e-01          1        288
        9    0.000000e+00   0.000000e+00   7.268450e-01          1        324
       10    0.000000e+00   0.000000e+00   7.280722e-01          1        360

Terminating training
  Status         : iteration_limit
  Total time (s) : 7.280722e-01
  Total solves   : 360
  Best bound     :  0.000000e+00
  Simulation CI  :  0.000000e+00 ± 0.000000e+00
------------------------------------------------------------------------------
