------------------------------------------------------------------------------
          SDDP.jl (c) Oscar Dowson and SDDP.jl contributors, 2017-21

Problem
  Nodes           : 3
  State variables : 1
  Scenarios       : 2.70000e+01
  Existing cuts   : false
  Subproblem structure                      : (min, max)
    Variables                               : (7, 7)
    VariableRef in MOI.LessThan{Float64}    : (1, 2)
    VariableRef in MOI.GreaterThan{Float64} : (5, 5)
    AffExpr in MOI.EqualTo{Float64}         : (2, 2)
Options
  Solver          : serial mode
  Risk measure    : SDDP.Expectation()
  Sampling scheme : SDDP.InSampleMonteCarlo

Numerical stability report
  Non-zero Matrix range     [1e+00, 1e+00]
  Non-zero Objective range  [1e+00, 2e+02]
  Non-zero Bounds range     [2e+02, 2e+02]
  Non-zero RHS range        [2e+02, 2e+02]
No problems detected

 Iteration    Simulation       Bound         Time (s)    Proc. ID   # Solves
        1    7.500000e+03   5.000000e+03   9.381771e-04          1         12
        2    1.000000e+04   8.333333e+03   1.300097e-03          1         24
        3    8.750000e+03   8.333333e+03   1.615047e-03          1         36
        4    1.000000e+04   8.333333e+03   1.943111e-03          1         48
        5    2.500000e+03   8.333333e+03   2.276182e-03          1         60
        6    1.000000e+04   8.333333e+03   2.613068e-03          1         72
        7    1.250000e+04   8.333333e+03   2.979994e-03          1         84
        8    1.000000e+04   8.333333e+03   3.348112e-03          1         96
        9    1.500000e+04   8.333333e+03   3.757000e-03          1        108
       10    1.250000e+04   8.333333e+03   4.187107e-03          1        120

Terminating training
  Status         : iteration_limit
  Total time (s) : 4.187107e-03
  Total solves   : 120
  Best bound     :  8.333333e+03
  Simulation CI  :  9.875000e+03 ± 2.080497e+03
------------------------------------------------------------------------------
------------------------------------------------------------------------------
          SDDP.jl (c) Oscar Dowson and SDDP.jl contributors, 2017-21

Problem
  Nodes           : 3
  State variables : 1
  Scenarios       : 2.70000e+01
  Existing cuts   : false
  Subproblem structure                      : (min, max)
    Variables                               : (7, 7)
    VariableRef in MOI.LessThan{Float64}    : (1, 2)
    VariableRef in MOI.GreaterThan{Float64} : (5, 5)
    AffExpr in MOI.EqualTo{Float64}         : (2, 2)
Options
  Solver          : serial mode
  Risk measure    : SDDP.Expectation()
  Sampling scheme : SDDP.InSampleMonteCarlo

Numerical stability report
  Non-zero Matrix range     [1e+00, 1e+00]
  Non-zero Objective range  [1e+00, 2e+02]
  Non-zero Bounds range     [2e+02, 2e+02]
  Non-zero RHS range        [2e+02, 2e+02]
No problems detected

 Iteration    Simulation       Bound         Time (s)    Proc. ID   # Solves
        1    5.625000e+03   8.541667e+03   1.681960e-01          1         12
        2    1.423077e+04   1.050595e+04   1.687591e-01          1         24
        3    1.312500e+04   1.062500e+04   1.692059e-01          1         36
        4    1.125000e+04   1.062500e+04   1.696529e-01          1         48
        5    1.875000e+03   1.062500e+04   1.700890e-01          1         60
        6    1.250000e+04   1.062500e+04   1.705580e-01          1         72
        7    1.625000e+04   1.062500e+04   1.710179e-01          1         84
        8    5.000000e+03   1.062500e+04   1.715150e-01          1         96
        9    2.437500e+04   1.062500e+04   1.720660e-01          1        108
       10    1.625000e+04   1.062500e+04   1.725781e-01          1        120

Terminating training
  Status         : iteration_limit
  Total time (s) : 1.725781e-01
  Total solves   : 120
  Best bound     :  1.062500e+04
  Simulation CI  :  1.204808e+04 ± 4.071966e+03
------------------------------------------------------------------------------
------------------------------------------------------------------------------
          SDDP.jl (c) Oscar Dowson and SDDP.jl contributors, 2017-21

Problem
  Nodes           : 5
  State variables : 1
  Scenarios       : 1.08000e+02
  Existing cuts   : false
  Subproblem structure                      : (min, max)
    Variables                               : (7, 7)
    VariableRef in MOI.LessThan{Float64}    : (1, 2)
    VariableRef in MOI.GreaterThan{Float64} : (5, 5)
    AffExpr in MOI.EqualTo{Float64}         : (2, 2)
Options
  Solver          : serial mode
  Risk measure    : SDDP.Expectation()
  Sampling scheme : SDDP.InSampleMonteCarlo

Numerical stability report
  Non-zero Matrix range     [1e+00, 1e+00]
  Non-zero Objective range  [1e+00, 2e+02]
  Non-zero Bounds range     [2e+02, 2e+02]
  Non-zero RHS range        [2e+02, 2e+02]
No problems detected

 Iteration    Simulation       Bound         Time (s)    Proc. ID   # Solves
        1    0.000000e+00   5.588397e+03   1.980979e-01          1         18
        2    1.223864e+04   7.975336e+03   1.988339e-01          1         36
        3    1.312500e+04   8.064005e+03   1.994889e-01          1         54
        4    1.144249e+04   8.072917e+03   2.001710e-01          1         72
        5    1.875000e+03   8.072917e+03   2.008190e-01          1         90
        6    5.000000e+03   8.072917e+03   2.015059e-01          1        108
        7    2.750000e+04   8.072917e+03   2.022369e-01          1        126
        8    5.000000e+03   8.072917e+03   2.029600e-01          1        144
        9    1.312500e+04   8.072917e+03   2.036791e-01          1        162
       10    2.437500e+04   8.072917e+03   2.044699e-01          1        180

Terminating training
  Status         : iteration_limit
  Total time (s) : 2.044699e-01
  Total solves   : 180
  Best bound     :  8.072917e+03
  Simulation CI  :  1.136811e+04 ± 5.608068e+03
------------------------------------------------------------------------------
------------------------------------------------------------------------------
          SDDP.jl (c) Oscar Dowson and SDDP.jl contributors, 2017-21

Problem
  Nodes           : 5
  State variables : 1
  Scenarios       : 1.08000e+02
  Existing cuts   : false
  Subproblem structure                      : (min, max)
    Variables                               : (7, 7)
    VariableRef in MOI.LessThan{Float64}    : (1, 2)
    VariableRef in MOI.GreaterThan{Float64} : (5, 5)
    AffExpr in MOI.EqualTo{Float64}         : (2, 2)
Options
  Solver          : serial mode
  Risk measure    : SDDP.Expectation()
  Sampling scheme : SDDP.InSampleMonteCarlo

 Iteration    Simulation       Bound         Time (s)    Proc. ID   # Solves
        1    0.000000e+00   5.588397e+03   1.126409e-02          1         18
        2    1.223864e+04   7.975336e+03   1.182604e-02          1         36
        3    1.312500e+04   8.064005e+03   1.229906e-02          1         54
        4    1.144249e+04   8.072917e+03   1.279306e-02          1         72
        5    1.875000e+03   8.072917e+03   1.328707e-02          1         90
        6    5.000000e+03   8.072917e+03   1.379800e-02          1        108
        7    2.750000e+04   8.072917e+03   1.431489e-02          1        126
        8    5.000000e+03   8.072917e+03   1.483607e-02          1        144
        9    1.312500e+04   8.072917e+03   1.536608e-02          1        162
       10    2.437500e+04   8.072917e+03   1.595402e-02          1        180
       11    1.125000e+04   8.072917e+03   1.651096e-02          1        198
       12    1.125000e+04   8.072917e+03   1.703095e-02          1        216
       13    9.375000e+03   8.072917e+03   1.762295e-02          1        234
       14    1.875000e+03   8.072917e+03   1.820803e-02          1        252
       15    1.312500e+04   8.072917e+03   1.884389e-02          1        270
       16    1.875000e+03   8.072917e+03   1.946402e-02          1        288
       17    9.375000e+03   8.072917e+03   2.013206e-02          1        306
       18    2.250000e+04   8.072917e+03   2.077699e-02          1        324
       19    1.875000e+03   8.072917e+03   2.144599e-02          1        342
       20    1.875000e+03   8.072917e+03   2.216411e-02          1        360

Terminating training
  Status         : iteration_limit
  Total time (s) : 2.216411e-02
  Total solves   : 360
  Best bound     :  8.072917e+03
  Simulation CI  :  9.902806e+03 ± 3.467485e+03
------------------------------------------------------------------------------
------------------------------------------------------------------------------
          SDDP.jl (c) Oscar Dowson and SDDP.jl contributors, 2017-21

Problem
  Nodes           : 3
  State variables : 1
  Scenarios       : 1.00000e+00
  Existing cuts   : false
  Subproblem structure                      : (min, max)
    Variables                               : (5, 5)
    VariableRef in MOI.LessThan{Float64}    : (1, 1)
    VariableRef in MOI.GreaterThan{Float64} : (4, 4)
    AffExpr in MOI.EqualTo{Float64}         : (2, 2)
Options
  Solver          : serial mode
  Risk measure    : SDDP.Expectation()
  Sampling scheme : SDDP.InSampleMonteCarlo

 Iteration    Simulation       Bound         Time (s)    Proc. ID   # Solves
        1    6.500000e+00   3.000000e+00   4.080105e-02          1          6
        2    3.500000e+00   3.500000e+00   4.113793e-02          1         12
        3    3.500000e+00   3.500000e+00   4.136801e-02          1         18
        4    3.500000e+00   3.500000e+00   4.159188e-02          1         24
        5    3.500000e+00   3.500000e+00   4.182482e-02          1         30

Terminating training
  Status         : iteration_limit
  Total time (s) : 4.182482e-02
  Total solves   : 30
  Best bound     :  3.500000e+00
  Simulation CI  :  4.100000e+00 ± 1.176000e+00
------------------------------------------------------------------------------
------------------------------------------------------------------------------
          SDDP.jl (c) Oscar Dowson and SDDP.jl contributors, 2017-21

Problem
  Nodes           : 3
  State variables : 1
  Scenarios       : 1.00000e+00
  Existing cuts   : false
  Subproblem structure                      : (min, max)
    Variables                               : (5, 5)
    VariableRef in MOI.LessThan{Float64}    : (1, 1)
    VariableRef in MOI.GreaterThan{Float64} : (4, 4)
    AffExpr in MOI.EqualTo{Float64}         : (2, 2)
Options
  Solver          : serial mode
  Risk measure    : SDDP.Expectation()
  Sampling scheme : SDDP.InSampleMonteCarlo

 Iteration    Simulation       Bound         Time (s)    Proc. ID   # Solves
        1    6.500000e+00   1.100000e+01   8.168221e-04          1          6
        2    5.500000e+00   1.100000e+01   1.083851e-03          1         12
        3    5.500000e+00   1.100000e+01   1.304865e-03          1         18
        4    5.500000e+00   1.100000e+01   1.526833e-03          1         24
        5    5.500000e+00   1.100000e+01   1.749039e-03          1         30

Terminating training
  Status         : iteration_limit
  Total time (s) : 1.749039e-03
  Total solves   : 30
  Best bound     :  1.100000e+01
  Simulation CI  :  5.700000e+00 ± 3.920000e-01
------------------------------------------------------------------------------
