--------------------------------------------------------------------------------
                      SDDP.jl (c) Oscar Dowson, 2017-20

Numerical stability report
  Non-zero Matrix range     [1e+00, 1e+00]
  Non-zero Objective range  [1e+00, 3e+00]
  Non-zero Bounds range     [5e+00, 2e+01]
  Non-zero RHS range        [3e+00, 1e+01]
No problems detected

Solver: serial mode

 Iteration    Simulation       Bound         Time (s)    Proc. ID   # Solves
        1    1.650000e+01   1.124619e+01   2.682390e-01          1         39
        2    2.220000e+02   5.589360e+01   2.732029e-01          1        210
        3    5.691548e+01   6.401019e+01   2.745519e-01          1        249
        4    1.793748e+02   1.081640e+02   2.801220e-01          1        432
        5    4.590000e+02   1.616377e+02   2.954259e-01          1        891
        6    1.679000e+02   1.650991e+02   2.987139e-01          1        978
        7    4.332714e+02   1.816456e+02   3.311579e-01          1       1365
        8    6.200000e+01   1.849435e+02   3.332610e-01          1       1416
        9    4.852560e+01   1.879980e+02   3.357260e-01          1       1479
       10    3.021705e+02   2.020344e+02   3.533309e-01          1       1914
       11    2.896989e+01   2.030641e+02   3.556399e-01          1       1965
       12    1.359994e+02   2.067717e+02   3.615160e-01          1       2100
       13    3.650116e+02   2.124983e+02   3.789520e-01          1       2475
       14    2.681217e+02   2.144634e+02   3.872769e-01          1       2646
       15    1.093623e+03   2.173404e+02   4.534330e-01          1       3801
       16    1.364993e+02   2.191209e+02   4.772649e-01          1       3936
       17    1.750000e+01   2.191476e+02   4.788599e-01          1       3963
       18    1.940663e+02   2.212628e+02   4.886749e-01          1       4134
       19    1.386768e+02   2.230739e+02   4.999111e-01          1       4329
       20    2.078009e+01   2.231032e+02   5.007870e-01          1       4344
       21    7.368959e+01   2.236816e+02   5.051749e-01          1       4419
       22    1.739217e+02   2.243757e+02   5.146060e-01          1       4578
       23    2.411494e+01   2.246006e+02   5.169709e-01          1       4617
       24    5.937888e+01   2.250465e+02   5.209649e-01          1       4680
       25    4.499056e+01   2.252954e+02   5.233240e-01          1       4719
       26    1.239969e+02   2.264750e+02   5.315199e-01          1       4854
       27    1.912254e+02   2.268528e+02   5.445371e-01          1       5061
       28    2.948959e+02   2.284007e+02   5.583858e-01          1       5280
       29    4.270025e+01   2.285090e+02   5.608370e-01          1       5319
       30    2.697879e+01   2.287058e+02   5.633121e-01          1       5358
       31    1.714795e+02   2.293888e+02   5.744638e-01          1       5529
       32    1.089707e+02   2.299491e+02   5.834839e-01          1       5664
       33    6.167155e+02   2.313059e+02   6.202590e-01          1       6207
       34    1.754373e+00   2.314387e+02   6.213150e-01          1       6222
       35    2.489058e+01   2.314892e+02   6.232550e-01          1       6249
       36    6.195571e+01   2.316754e+02   6.278660e-01          1       6312
       37    3.857058e+01   2.317202e+02   6.323919e-01          1       6375
       38    5.412722e+02   2.327455e+02   6.695940e-01          1       6882
       39    3.274161e+01   2.327455e+02   6.707139e-01          1       6897
       40    5.200301e+02   2.332450e+02   7.230320e-01          1       7380
       41    1.790904e+02   2.335427e+02   7.384930e-01          1       7575
       42    1.382571e+01   2.335571e+02   7.405639e-01          1       7602
       43    6.424035e+02   2.341949e+02   8.023710e-01          1       8361
       44    1.348287e+02   2.343254e+02   8.144639e-01          1       8508
       45    2.500000e+00   2.343769e+02   8.156459e-01          1       8523
       46    3.898049e+02   2.346618e+02   8.398130e-01          1       8814
       47    1.162876e+01   2.346618e+02   8.409948e-01          1       8829
       48    1.714044e+01   2.346618e+02   8.422399e-01          1       8844
       49    1.934524e+02   2.349054e+02   8.636770e-01          1       9099
       50    3.997425e+02   2.350803e+02   9.030049e-01          1       9546
       51    5.553741e+01   2.351537e+02   9.086869e-01          1       9609
       52    3.165549e+02   2.352162e+02   9.537730e-01          1       9948
       53    7.380546e+02   2.354999e+02   1.021259e+00          1      10659
       54    2.738441e+01   2.355335e+02   1.024925e+00          1      10698
       55    9.486431e+02   2.358206e+02   1.118977e+00          1      11661
       56    1.076858e+02   2.358398e+02   1.126329e+00          1      11736
       57    3.845970e+01   2.358534e+02   1.135065e+00          1      11823
       58    8.732062e+02   2.360274e+02   1.214686e+00          1      12606
       59    1.833647e+02   2.360482e+02   1.247917e+00          1      12801
       60    8.905162e+01   2.360603e+02   1.260991e+00          1      12924
       61    4.861724e+02   2.361344e+02   1.317429e+00          1      13455
       62    2.496403e+01   2.361422e+02   1.320202e+00          1      13482
       63    1.456253e+02   2.361471e+02   1.334712e+00          1      13617
       64    1.840691e+02   2.361637e+02   1.357409e+00          1      13824
       65    1.971439e+02   2.361831e+02   1.380365e+00          1      14031
       66    3.147208e+01   2.361943e+02   1.385781e+00          1      14082
       67    7.768714e+02   2.362210e+02   1.477842e+00          1      14889
       68    4.606216e+01   2.362212e+02   1.482322e+00          1      14928
       69    5.893652e+01   2.362337e+02   1.491079e+00          1      15003
       70    5.439613e+02   2.362466e+02   1.579138e+00          1      15618
       71    2.311729e+02   2.362817e+02   1.614766e+00          1      15909
       72    1.936921e+02   2.362898e+02   1.649166e+00          1      16188
       73    6.271214e+02   2.363179e+02   1.719093e+00          1      16755
       74    2.759853e+00   2.363179e+02   1.720837e+00          1      16770
       75    1.650582e+02   2.363219e+02   1.746492e+00          1      16977
       76    2.064613e+02   2.363316e+02   1.770435e+00          1      17172
       77    1.180588e+03   2.363432e+02   1.975334e+00          1      18615
       78    2.745443e+02   2.363540e+02   2.015104e+00          1      18906
       79    4.410787e+01   2.363577e+02   2.023564e+00          1      18969
       80    6.151425e+01   2.363614e+02   2.031817e+00          1      19032
       81    3.547987e+01   2.363616e+02   2.035262e+00          1      19059
       82    3.999930e+01   2.363623e+02   2.040380e+00          1      19098
       83    1.695331e+02   2.363689e+02   2.072225e+00          1      19329
       84    9.949103e+01   2.363710e+02   2.089173e+00          1      19452
       85    8.095350e+01   2.363733e+02   2.097762e+00          1      19515
       86    1.250335e+01   2.363735e+02   2.104496e+00          1      19566
       87    7.800028e+01   2.363755e+02   2.120026e+00          1      19677
       88    3.965937e+02   2.363812e+02   2.175087e+00          1      20076
       89    3.799759e+01   2.363842e+02   2.180281e+00          1      20115
       90    1.240024e+02   2.363870e+02   2.197542e+00          1      20238
       91    3.010558e+02   2.363897e+02   2.238546e+00          1      20529
       92    3.329683e+02   2.363943e+02   2.290537e+00          1      20892
       93    2.659396e+02   2.363974e+02   2.329478e+00          1      21159
       94    1.339839e+02   2.364000e+02   2.352633e+00          1      21318
       95    1.474112e+03   2.364035e+02   2.581437e+00          1      22725
       96    1.189870e+02   2.364057e+02   2.604715e+00          1      22872
       97    7.552743e+01   2.364062e+02   2.622876e+00          1      22983
       98    5.314939e+02   2.364128e+02   2.714637e+00          1      23550
       99    2.043824e+01   2.364128e+02   2.718722e+00          1      23577
      100    1.540016e+02   2.364142e+02   2.743866e+00          1      23736

Terminating training with status: iteration_limit
------------------------------------------------------------------------------
--------------------------------------------------------------------------------
                      SDDP.jl (c) Oscar Dowson, 2017-20

Numerical stability report
  Non-zero Matrix range     [1e+00, 2e+01]
  Non-zero Objective range  [1e+00, 1e+03]
  Non-zero Bounds range     [6e+03, Inf]
  Non-zero RHS range        [2e+02, 5e+02]
WARNING: numerical stability issues detected
  - Bounds range contains large coefficients
Very large or small absolute values of coefficients
can cause numerical stability issues. Consider
reformulating the model.

Solver: serial mode

 Iteration    Simulation       Bound         Time (s)    Proc. ID   # Solves
        1   -9.800000e+04   1.320000e+05   1.541138e-03          1          6
        2    4.800000e+04   1.290000e+05   1.909018e-03          1         12
        3    1.376000e+05   1.268139e+05   2.243042e-03          1         18
        4    1.332391e+05   1.219636e+05   2.573013e-03          1         24
        5    1.550000e+05   1.121210e+05   2.911091e-03          1         30
        6    5.072028e+04   1.104195e+05   3.242016e-03          1         36
        7    1.047405e+05   1.095042e+05   3.567934e-03          1         42
        8    5.125161e+04   1.088611e+05   3.885984e-03          1         48
        9    4.956667e+04   1.088021e+05   4.208088e-03          1         54
       10    4.988974e+04   1.084962e+05   4.598141e-03          1         60
       11    1.658738e+05   1.083900e+05   4.982948e-03          1         66
       12    1.670000e+05   1.083900e+05   5.309105e-03          1         72
       13    1.093500e+05   1.083900e+05   5.628109e-03          1         78
       14    1.670000e+05   1.083900e+05   5.938053e-03          1         84
       15    1.670000e+05   1.083900e+05   6.247997e-03          1         90
       16    1.670000e+05   1.083900e+05   6.572008e-03          1         96
       17    1.093500e+05   1.083900e+05   6.895065e-03          1        102
       18    4.882000e+04   1.083900e+05   7.202148e-03          1        108
       19    1.093500e+05   1.083900e+05   7.514954e-03          1        114
       20    4.882000e+04   1.083900e+05   7.818937e-03          1        120

Terminating training with status: iteration_limit
------------------------------------------------------------------------------
