------------------------------------------------------------------------------
          SDDP.jl (c) Oscar Dowson and SDDP.jl contributors, 2017-22

Problem
  Nodes           : 3
  State variables : 1
  Scenarios       : 1.33100e+03
  Existing cuts   : true
  Subproblem structure                      : (min, max)
    Variables                               : (9, 9)
    VariableRef in MOI.EqualTo{Float64}     : (1, 1)
    VariableRef in MOI.LessThan{Float64}    : (5, 6)
    AffExpr in MOI.GreaterThan{Float64}     : (3, 19)
    AffExpr in MOI.EqualTo{Float64}         : (2, 4)
    VariableRef in MOI.GreaterThan{Float64} : (8, 8)
Options
  Solver          : serial mode
  Risk measure    : SDDP.Expectation()
  Sampling scheme : SDDP.InSampleMonteCarlo

 Iteration    Simulation       Bound         Time (s)    Proc. ID   # Solves
        1    2.387500e+02   1.994007e+02   1.121998e-03          1       1149
        2    2.037500e+02   2.004250e+02   2.127886e-03          1       1185
        3    1.706731e+02   2.044431e+02   3.237009e-03          1       1221
        4    2.500000e+02   2.051658e+02   4.383087e-03          1       1257
        5    1.550000e+02   2.052799e+02   5.477905e-03          1       1293
        6    2.575000e+02   2.052799e+02   6.674051e-03          1       1329
        7    1.675000e+02   2.052799e+02   7.839918e-03          1       1365
        8    2.837500e+02   2.052799e+02   8.977890e-03          1       1401
        9    2.212500e+02   2.052799e+02   1.020098e-02          1       1437
       10    2.587500e+02   2.052799e+02   1.144910e-02          1       1473

Terminating training
  Status         : iteration_limit
  Total time (s) : 1.144910e-02
  Total solves   : 1473
  Best bound     :  2.052799e+02
  Simulation CI  :  2.206923e+02 ± 2.764045e+01
------------------------------------------------------------------------------
