------------------------------------------------------------------------------
          SDDP.jl (c) Oscar Dowson and SDDP.jl contributors, 2017-21

Problem
  Nodes           : 3
  State variables : 1
  Scenarios       : 1.33100e+03
  Existing cuts   : true
  Subproblem structure                      : (min, max)
    Variables                               : (9, 9)
    VariableRef in MOI.EqualTo{Float64}     : (1, 1)
    VariableRef in MOI.LessThan{Float64}    : (5, 6)
    AffExpr in MOI.GreaterThan{Float64}     : (3, 23)
    AffExpr in MOI.EqualTo{Float64}         : (2, 4)
    VariableRef in MOI.GreaterThan{Float64} : (8, 8)
Options
  Solver          : serial mode
  Risk measure    : SDDP.Expectation()
  Sampling scheme : SDDP.InSampleMonteCarlo

 Iteration    Simulation       Bound         Time (s)    Proc. ID   # Solves
        1    9.375000e+02   4.639992e+02   1.201868e-03          1       1520
        2    5.225000e+02   4.645195e+02   2.399921e-03          1       1556
        3    4.850000e+02   4.645840e+02   3.825903e-03          1       1592
        4    5.925000e+02   4.648526e+02   5.187988e-03          1       1628
        5    6.012500e+02   4.650282e+02   6.524086e-03          1       1664
        6    2.287500e+02   4.656771e+02   7.889032e-03          1       1700
        7    3.725000e+02   4.656771e+02   9.326935e-03          1       1736
        8    2.212500e+02   4.661223e+02   1.070094e-02          1       1772
        9    8.262500e+02   4.661223e+02   1.226687e-02          1       1808
       10    2.875000e+02   4.662669e+02   1.357102e-02          1       1844

Terminating training
  Status         : iteration_limit
  Total time (s) : 1.357102e-02
  Total solves   : 1844
  Best bound     :  4.662669e+02
  Simulation CI  :  5.075000e+02 ± 1.503394e+02
------------------------------------------------------------------------------
