------------------------------------------------------------------------------
          SDDP.jl (c) Oscar Dowson and SDDP.jl contributors, 2017-22

Problem
  Nodes           : 3
  State variables : 1
  Scenarios       : 1.33100e+03
  Existing cuts   : true
  Subproblem structure                      : (min, max)
    Variables                               : (9, 9)
    VariableRef in MOI.EqualTo{Float64}     : (1, 1)
    VariableRef in MOI.LessThan{Float64}    : (5, 6)
    AffExpr in MOI.GreaterThan{Float64}     : (3, 29)
    AffExpr in MOI.EqualTo{Float64}         : (2, 4)
    VariableRef in MOI.GreaterThan{Float64} : (8, 8)
Options
  Solver          : serial mode
  Risk measure    : SDDP.Expectation()
  Sampling scheme : SDDP.InSampleMonteCarlo

 Iteration    Simulation       Bound         Time (s)    Proc. ID   # Solves
        1    1.112500e+02   1.129545e+02   1.166105e-03          1       1891
        2    1.675000e+02   1.129545e+02   2.243042e-03          1       1927
        3    1.362500e+02   1.129715e+02   3.312111e-03          1       1963
        4    8.000000e+01   1.129771e+02   4.479885e-03          1       1999
        5    7.312500e+01   1.129771e+02   5.826950e-03          1       2035
        6    9.812500e+01   1.129771e+02   7.153034e-03          1       2071
        7    1.418750e+02   1.129771e+02   8.466005e-03          1       2107
        8    1.106250e+02   1.129771e+02   9.737015e-03          1       2143
        9    5.000000e+01   1.129771e+02   1.099896e-02          1       2179
       10    1.000000e+02   1.129771e+02   1.241803e-02          1       2215

Terminating training
  Status         : iteration_limit
  Total time (s) : 1.241803e-02
  Total solves   : 2215
  Best bound     :  1.129771e+02
  Simulation CI  :  1.068750e+02 ± 2.168477e+01
------------------------------------------------------------------------------
