------------------------------------------------------------------------------
          SDDP.jl (c) Oscar Dowson and SDDP.jl contributors, 2017-21

Problem
  Nodes           : 2
  State variables : 1
  Scenarios       : 2.00000e+00
  Existing cuts   : false
  Subproblem structure                      : (min, max)
    Variables                               : (6, 6)
    VariableRef in MOI.EqualTo{Float64}     : (1, 1)
    VariableRef in MOI.LessThan{Float64}    : (1, 2)
    AffExpr in MOI.LessThan{Float64}        : (1, 1)
    AffExpr in MOI.GreaterThan{Float64}     : (1, 1)
    VariableRef in MOI.GreaterThan{Float64} : (4, 4)
Options
  Solver          : serial mode
  Risk measure    : SDDP.Expectation()
  Sampling scheme : SDDP.InSampleMonteCarlo

Numerical stability report
  Non-zero Matrix range     [1e+00, 1e+00]
  Non-zero Objective range  [1e+00, 5e+00]
  Non-zero Bounds range     [8e+00, 8e+00]
  Non-zero RHS range        [6e+00, 6e+00]
No problems detected

 Iteration    Simulation       Bound         Time (s)    Proc. ID   # Solves
        5    2.000000e+01   1.000000e+01   4.364049e-01          1         25
       10    2.000000e+01   1.000000e+01   4.453900e-01          1         50

Terminating training
  Status         : iteration_limit
  Total time (s) : 4.453900e-01
  Total solves   : 50
  Best bound     :  1.000000e+01
  Simulation CI  :  1.200000e+01 ± 6.401333e+00
------------------------------------------------------------------------------
------------------------------------------------------------------------------
          SDDP.jl (c) Oscar Dowson and SDDP.jl contributors, 2017-21

Problem
  Nodes           : 3
  State variables : 2
  Scenarios       : 4.00000e+00
  Existing cuts   : false
  Subproblem structure                      : (min, max)
    Variables                               : (8, 8)
    VariableRef in MOI.LessThan{Float64}    : (1, 1)
    AffExpr in MOI.LessThan{Float64}        : (3, 3)
    VariableRef in MOI.GreaterThan{Float64} : (5, 5)
Options
  Solver          : serial mode
  Risk measure    : SDDP.Expectation()
  Sampling scheme : SDDP.InSampleMonteCarlo

Numerical stability report
  Non-zero Matrix range     [1e+00, 1e+00]
  Non-zero Objective range  [2e-01, 3e+00]
  Non-zero Bounds range     [5e+01, 5e+01]
  Non-zero RHS range        [0e+00, 0e+00]
No problems detected

 Iteration    Simulation       Bound         Time (s)    Proc. ID   # Solves
        5   -4.260000e+01  -2.396000e+01   1.646042e-03          1         40
       10   -5.320000e+00  -2.396000e+01   2.922058e-03          1         80

Terminating training
  Status         : iteration_limit
  Total time (s) : 2.922058e-03
  Total solves   : 80
  Best bound     : -2.396000e+01
  Simulation CI  : -1.405254e+01 ± 8.503103e+00
------------------------------------------------------------------------------
 ────────────────────────────────────────────────────────────────────────────────
                                        Time                    Allocations      
                               ───────────────────────   ────────────────────────
       Tot / % measured:            771ms /   0.3%           51.5MiB /   2.0%    

 Section               ncalls     time    %tot     avg     alloc    %tot      avg
 ────────────────────────────────────────────────────────────────────────────────
 backward_pass             10   1.40ms   56.0%   140μs    684KiB   65.4%  68.5KiB
   solve_subproblem        40    737μs   29.5%  18.4μs    299KiB   28.5%  7.47KiB
     get_dual_solution     40    141μs    5.6%  3.53μs   83.1KiB    7.9%  2.08KiB
   prepare_backward...     20   8.90μs    0.4%   445ns   2.97KiB    0.3%     152B
 forward_pass              10    868μs   34.7%  86.8μs    289KiB   27.6%  28.9KiB
   solve_subproblem        30    688μs   27.5%  22.9μs    237KiB   22.7%  7.91KiB
     get_dual_solution     30   25.3μs    1.0%   843ns   17.8KiB    1.7%     608B
   sample_scenario         10   39.7μs    1.6%  3.97μs   9.16KiB    0.9%     938B
 calculate_bound           10    232μs    9.3%  23.2μs   73.5KiB    7.0%  7.35KiB
   get_dual_solution       10   7.20μs    0.3%   720ns   5.94KiB    0.6%     608B
 ────────────────────────────────────────────────────────────────────────────────

------------------------------------------------------------------------------
          SDDP.jl (c) Oscar Dowson and SDDP.jl contributors, 2017-21

Problem
  Nodes           : 3
  State variables : 2
  Scenarios       : 4.00000e+00
  Existing cuts   : false
  Subproblem structure                      : (min, max)
    Variables                               : (8, 8)
    VariableRef in MOI.LessThan{Float64}    : (1, 1)
    AffExpr in MOI.LessThan{Float64}        : (3, 3)
    VariableRef in MOI.GreaterThan{Float64} : (5, 5)
Options
  Solver          : serial mode
  Risk measure    : SDDP.Expectation()
  Sampling scheme : SDDP.InSampleMonteCarlo

Numerical stability report
  Non-zero Matrix range     [1e+00, 1e+00]
  Non-zero Objective range  [2e-01, 3e+00]
  Non-zero Bounds range     [5e+01, 5e+01]
  Non-zero RHS range        [0e+00, 0e+00]
No problems detected

 Iteration    Simulation       Bound         Time (s)    Proc. ID   # Solves
        5   -5.320000e+00  -2.396000e+01   1.620054e-03          1         40
       10   -2.396000e+01  -2.396000e+01   2.859831e-03          1         80

Terminating training
  Status         : iteration_limit
  Total time (s) : 2.859831e-03
  Total solves   : 80
  Best bound     : -2.396000e+01
  Simulation CI  : -1.490454e+01 ± 8.344209e+00
------------------------------------------------------------------------------
 ────────────────────────────────────────────────────────────────────────────────
                                        Time                    Allocations      
                               ───────────────────────   ────────────────────────
       Tot / % measured:           5.70ms /  42.8%           1.39MiB /  73.7%    

 Section               ncalls     time    %tot     avg     alloc    %tot      avg
 ────────────────────────────────────────────────────────────────────────────────
 backward_pass             10   1.37ms   56.3%   137μs    684KiB   65.4%  68.5KiB
   solve_subproblem        40    714μs   29.3%  17.8μs    299KiB   28.5%  7.47KiB
     get_dual_solution     40    135μs    5.5%  3.38μs   83.1KiB    7.9%  2.08KiB
   prepare_backward...     20   10.0μs    0.4%   500ns   2.97KiB    0.3%     152B
 forward_pass              10    835μs   34.2%  83.5μs    289KiB   27.6%  28.9KiB
   solve_subproblem        30    654μs   26.8%  21.8μs    237KiB   22.7%  7.91KiB
     get_dual_solution     30   22.6μs    0.9%   753ns   17.8KiB    1.7%     608B
   sample_scenario         10   40.5μs    1.7%  4.05μs   9.19KiB    0.9%     941B
 calculate_bound           10    231μs    9.5%  23.1μs   73.5KiB    7.0%  7.35KiB
   get_dual_solution       10   7.40μs    0.3%   740ns   5.94KiB    0.6%     608B
 ────────────────────────────────────────────────────────────────────────────────

------------------------------------------------------------------------------
          SDDP.jl (c) Oscar Dowson and SDDP.jl contributors, 2017-21

Problem
  Nodes           : 2
  State variables : 1
  Scenarios       : 2.00000e+00
  Existing cuts   : false
  Subproblem structure                      : (min, max)
    Variables                               : (3, 4)
    VariableRef in MOI.LessThan{Float64}    : (2, 2)
    AffExpr in MOI.LessThan{Float64}        : (1, 1)
    VariableRef in MOI.GreaterThan{Float64} : (2, 3)
Options
  Solver          : serial mode
  Risk measure    : SDDP.Expectation()
  Sampling scheme : SDDP.InSampleMonteCarlo

Numerical stability report
  Non-zero Matrix range     [1e+00, 1e+00]
  Non-zero Objective range  [1e+00, 2e+00]
  Non-zero Bounds range     [2e+00, 5e+00]
  Non-zero RHS range        [0e+00, 0e+00]
No problems detected

 Iteration    Simulation       Bound         Time (s)    Proc. ID   # Solves
        1    0.000000e+00  -2.500000e+00   9.779191e-02          1          5
        2   -2.500000e+00  -2.000000e+00   9.808493e-02          1         10
        3   -3.000000e+00  -2.000000e+00   9.826493e-02          1         15

Terminating training
  Status         : iteration_limit
  Total time (s) : 9.826493e-02
  Total solves   : 15
  Best bound     : -2.000000e+00
  Simulation CI  : -1.833333e+00 ± 1.818803e+00
------------------------------------------------------------------------------
------------------------------------------------------------------------------
          SDDP.jl (c) Oscar Dowson and SDDP.jl contributors, 2017-21

Problem
  Nodes           : 3
  State variables : 1
  Scenarios       : Inf
  Existing cuts   : false
  Subproblem structure                      : (min, max)
    Variables                               : (6, 6)
    VariableRef in MOI.LessThan{Float64}    : (1, 1)
    VariableRef in MOI.GreaterThan{Float64} : (5, 5)
    AffExpr in MOI.EqualTo{Float64}         : (2, 2)
Options
  Solver          : serial mode
  Risk measure    : SDDP.Expectation()
  Sampling scheme : SDDP.InSampleMonteCarlo

Numerical stability report
  Non-zero Matrix range     [1e+00, 1e+00]
  Non-zero Objective range  [1e+00, 3e+00]
  Non-zero Bounds range     [5e+00, 2e+01]
  Non-zero RHS range        [2e+00, 1e+01]
No problems detected

 Iteration    Simulation       Bound         Time (s)    Proc. ID   # Solves
        1    4.000000e+01   2.138062e+01   3.606799e-01          1         51
        2    1.030000e+02   2.795915e+01   3.618689e-01          1        102
        3    3.100000e+02   6.512462e+01   3.662980e-01          1        309
        4    3.310000e+02   1.180469e+02   4.005859e-01          1        612
        5    3.854770e+02   1.537294e+02   4.073868e-01          1        903
        6    8.550000e+01   1.583404e+02   4.095619e-01          1        978
        7    2.250000e+01   1.607430e+02   4.101419e-01          1        993
        8    1.799185e+02   1.705039e+02   4.147429e-01          1       1152
        9    2.050000e+01   1.750821e+02   4.164929e-01          1       1203
       10    1.858404e+02   1.804587e+02   4.206359e-01          1       1338
       11    8.000000e+00   1.807142e+02   4.212120e-01          1       1353
       12    3.000000e+00   1.826297e+02   4.218140e-01          1       1368
       13    4.272922e+01   1.846358e+02   4.239008e-01          1       1431
       14    6.705953e+02   2.052469e+02   4.453459e-01          1       2022
       15    7.871609e+02   2.145497e+02   4.736190e-01          1       2745
       16    3.790389e+02   2.196274e+02   4.912629e-01          1       3156
       17    1.902810e+02   2.213000e+02   4.978640e-01          1       3303
       18    1.052399e+02   2.227264e+02   5.030799e-01          1       3414
       19    1.294203e+02   2.234913e+02   5.093629e-01          1       3549
       20    7.597204e+01   2.243705e+02   5.125158e-01          1       3612
       21    8.154161e+01   2.246422e+02   5.178578e-01          1       3723
       22    6.130655e+00   2.249968e+02   5.186498e-01          1       3738
       23    1.649250e+01   2.249968e+02   5.194659e-01          1       3753
       24    2.265904e+02   2.264872e+02   5.298228e-01          1       3972
       25    1.577676e+02   2.269292e+02   5.413580e-01          1       4203
       26    3.832592e+02   2.289706e+02   5.617478e-01          1       4602
       27    3.350000e+01   2.290027e+02   5.632148e-01          1       4629
       28    2.354989e+02   2.298716e+02   5.784130e-01          1       4908
       29    5.668190e+02   2.317499e+02   6.105740e-01          1       5475
       30    2.082117e+03   2.338360e+02   7.896090e-01          1       7674
       31    2.966098e+02   2.341297e+02   8.135970e-01          1       8013
       32    4.825077e+02   2.346275e+02   8.525720e-01          1       8544
       33    9.419635e+01   2.346978e+02   8.573940e-01          1       8607
       34    3.909292e+01   2.347016e+02   8.595140e-01          1       8634
       35    1.489087e+02   2.347944e+02   8.745048e-01          1       8829
       36    5.613291e+02   2.349576e+02   9.204988e-01          1       9420
       37    2.484066e+01   2.350281e+02   9.239030e-01          1       9459
       38    8.072556e+02   2.352866e+02   9.834349e-01          1      10194
       39    8.998349e+01   2.353545e+02   9.925809e-01          1      10305
       40    3.755564e+02   2.354111e+02   1.022086e+00          1      10656
       41    1.695331e+01   2.354623e+02   1.026467e+00          1      10707
       42    8.507285e+02   2.357693e+02   1.103090e+00          1      11586
       43    8.150000e+01   2.358032e+02   1.111108e+00          1      11673
       44    7.675969e+01   2.358032e+02   1.119995e+00          1      11772
       45    4.016673e+01   2.358410e+02   1.125657e+00          1      11835
       46    1.725925e+02   2.358639e+02   1.145527e+00          1      12054
       47    3.049413e+02   2.359232e+02   1.170192e+00          1      12321
       48    5.588784e+01   2.359232e+02   1.174911e+00          1      12372
       49    1.010362e+02   2.359579e+02   1.187425e+00          1      12495
       50    1.443069e+02   2.359748e+02   1.201688e+00          1      12630
       51    1.851498e+01   2.359863e+02   1.205743e+00          1      12669
       52    4.015831e+02   2.360219e+02   1.245173e+00          1      13056
       53    1.407780e+02   2.360456e+02   1.263747e+00          1      13251
       54    1.800165e+02   2.360534e+02   1.282948e+00          1      13446
       55    1.348725e+01   2.360645e+02   1.286822e+00          1      13485
       56    1.038935e+02   2.360672e+02   1.299093e+00          1      13608
       57    6.159237e+01   2.360831e+02   1.305443e+00          1      13671
       58    3.785925e+01   2.360831e+02   1.311848e+00          1      13734
       59    3.404028e+02   2.361351e+02   1.348985e+00          1      14097
       60    4.039918e+01   2.361375e+02   1.354171e+00          1      14148
       61    1.364866e+02   2.361533e+02   1.367929e+00          1      14283
       62    7.259266e+01   2.361563e+02   1.373179e+00          1      14334
       63    1.478621e+03   2.362278e+02   1.574061e+00          1      15909
       64    7.641882e+01   2.362278e+02   1.580976e+00          1      15972
       65    6.912917e+02   2.362652e+02   1.652339e+00          1      16611
       66    1.833370e+02   2.362654e+02   1.667200e+00          1      16746
       67    6.505270e+01   2.362804e+02   1.678183e+00          1      16845
       68    1.046486e+00   2.362804e+02   1.679788e+00          1      16860
       69    5.402826e+01   2.362877e+02   1.686729e+00          1      16923
       70    1.670494e+02   2.362912e+02   1.700532e+00          1      17046
       71    1.474758e+02   2.363024e+02   1.718958e+00          1      17205
       72    1.046420e+02   2.363076e+02   1.737279e+00          1      17364
       73    3.660097e+02   2.363124e+02   1.771586e+00          1      17655
       74    1.000000e+01   2.363126e+02   1.773290e+00          1      17670
       75    6.920982e+02   2.363458e+02   1.869579e+00          1      18477
       76    3.054345e+02   2.363489e+02   1.926254e+00          1      18936
       77    1.649954e+02   2.363604e+02   1.958416e+00          1      19191
       78    8.058171e+01   2.363606e+02   1.963183e+00          1      19230
       79    1.200053e+01   2.363606e+02   1.965031e+00          1      19245
       80    4.424998e+02   2.363706e+02   2.015513e+00          1      19644
       81    1.549699e+02   2.363766e+02   2.033903e+00          1      19791
       82    1.004890e+02   2.363771e+02   2.047715e+00          1      19902
       83    1.295442e+02   2.363799e+02   2.059912e+00          1      20001
       84    4.001115e+01   2.363806e+02   2.067615e+00          1      20064
       85    2.527473e+00   2.363806e+02   2.069368e+00          1      20079
       86    3.610063e+02   2.363892e+02   2.121808e+00          1      20490
       87    1.120726e+02   2.363899e+02   2.145106e+00          1      20673
       88    1.564731e+02   2.363943e+02   2.166210e+00          1      20832
       89    2.149853e+02   2.363959e+02   2.190591e+00          1      21015
       90    2.500000e+00   2.363959e+02   2.192528e+00          1      21030
       91    1.500162e+02   2.363984e+02   2.212322e+00          1      21177
       92    4.210667e+02   2.364006e+02   2.274458e+00          1      21636
       93    2.491096e+00   2.364007e+02   2.276350e+00          1      21651
       94    4.085003e+02   2.364051e+02   2.322374e+00          1      21990
       95    1.199327e+02   2.364067e+02   2.344368e+00          1      22149
       96    9.550510e+01   2.364077e+02   2.358105e+00          1      22248
       97    1.830276e+02   2.364090e+02   2.421205e+00          1      22527
       98    5.750052e+02   2.364132e+02   2.501794e+00          1      23094
       99    4.241085e+02   2.364141e+02   2.555198e+00          1      23469
      100    5.034633e+02   2.364185e+02   2.621462e+00          1      23928

Terminating training
  Status         : iteration_limit
  Total time (s) : 2.621462e+00
  Total solves   : 23928
  Best bound     :  2.364185e+02
  Simulation CI  :  2.335793e+02 ± 5.946000e+01
------------------------------------------------------------------------------
------------------------------------------------------------------------------
          SDDP.jl (c) Oscar Dowson and SDDP.jl contributors, 2017-21

Problem
  Nodes           : 5
  State variables : 3
  Scenarios       : 1.43489e+07
  Existing cuts   : false
  Subproblem structure                      : (min, max)
    Variables                               : (13, 13)
    VariableRef in MOI.LessThan{Float64}    : (6, 7)
    AffExpr in MOI.LessThan{Float64}        : (1, 1)
    VariableRef in MOI.GreaterThan{Float64} : (7, 7)
    AffExpr in MOI.EqualTo{Float64}         : (3, 3)
Options
  Solver          : serial mode
  Risk measure    : SDDP.Expectation()
  Sampling scheme : SDDP.InSampleMonteCarlo

Numerical stability report
  Non-zero Matrix range     [1e+00, 1e+00]
  Non-zero Objective range  [3e-01, 2e+00]
  Non-zero Bounds range     [5e-01, 5e+00]
  Non-zero RHS range        [2e+00, 2e+00]
No problems detected

 Iteration    Simulation       Bound         Time (s)    Proc. ID   # Solves
       10   -5.065478e+00  -4.440008e+00   2.272470e-01          1       1400
       20   -4.804102e+00  -4.391127e+00   2.649050e-01          1       2800
       30   -4.696117e+00  -4.376958e+00   3.115849e-01          1       4200
       40   -4.505988e+00  -4.370454e+00   4.033489e-01          1       5600
       50   -4.218184e+00  -4.362945e+00   4.670441e-01          1       7000
       60   -4.270879e+00  -4.358511e+00   5.373549e-01          1       8400
       70   -4.857979e+00  -4.355421e+00   6.129670e-01          1       9800
       80   -4.895704e+00  -4.353489e+00   7.063999e-01          1      11200
       90   -4.247227e+00  -4.351304e+00   8.375299e-01          1      12600
      100   -4.589472e+00  -4.350067e+00   9.437461e-01          1      14000

Terminating training
  Status         : iteration_limit
  Total time (s) : 9.437461e-01
  Total solves   : 14000
  Best bound     : -4.350067e+00
  Simulation CI  : -4.325589e+00 ± 7.896661e-02
------------------------------------------------------------------------------
------------------------------------------------------------------------------
          SDDP.jl (c) Oscar Dowson and SDDP.jl contributors, 2017-21

Problem
  Nodes           : 5
  State variables : 1
  Scenarios       : 1.00000e+05
  Existing cuts   : false
  Subproblem structure                      : (min, max)
    Variables                               : (5, 5)
    VariableRef in MOI.LessThan{Float64}    : (2, 3)
    VariableRef in MOI.GreaterThan{Float64} : (3, 3)
    AffExpr in MOI.EqualTo{Float64}         : (1, 1)
Options
  Solver          : serial mode
  Risk measure    : SDDP.Expectation()
  Sampling scheme : SDDP.InSampleMonteCarlo

Numerical stability report
  Non-zero Matrix range     [1e+00, 1e+00]
  Non-zero Objective range  [3e-01, 2e+00]
  Non-zero Bounds range     [5e-01, 2e+00]
  Non-zero RHS range        [0e+00, 0e+00]
No problems detected

 Iteration    Simulation       Bound         Time (s)    Proc. ID   # Solves
       10   -1.629981e+00  -1.473567e+00   1.862249e-01          1        550
       20   -1.590527e+00  -1.472131e+00   1.966279e-01          1       1100
       30   -1.547572e+00  -1.471318e+00   2.083728e-01          1       1650
       40   -1.602949e+00  -1.471212e+00   2.749088e-01          1       2200
       50   -1.552100e+00  -1.471107e+00   2.895658e-01          1       2750

Terminating training
  Status         : iteration_limit
  Total time (s) : 2.895658e-01
  Total solves   : 2750
  Best bound     : -1.471107e+00
  Simulation CI  : -1.461814e+00 ± 5.627669e-02
------------------------------------------------------------------------------
------------------------------------------------------------------------------
          SDDP.jl (c) Oscar Dowson and SDDP.jl contributors, 2017-21

Problem
  Nodes           : 2
  State variables : 4
  Scenarios       : 2.00000e+00
  Existing cuts   : false
  Subproblem structure                      : (min, max)
    Variables                               : (29, 29)
    VariableRef in MOI.LessThan{Float64}    : (1, 1)
    AffExpr in MOI.LessThan{Float64}        : (4, 4)
    AffExpr in MOI.GreaterThan{Float64}     : (3, 3)
    VariableRef in MOI.GreaterThan{Float64} : (22, 22)
    AffExpr in MOI.EqualTo{Float64}         : (4, 5)
Options
  Solver          : serial mode
  Risk measure    : SDDP.Expectation()
  Sampling scheme : SDDP.InSampleMonteCarlo

Numerical stability report
  Non-zero Matrix range     [1e+00, 1e+00]
  Non-zero Objective range  [1e+00, 1e+06]
  Non-zero Bounds range     [0e+00, 0e+00]
  Non-zero RHS range        [0e+00, 0e+00]
No problems detected

 Iteration    Simulation       Bound         Time (s)    Proc. ID   # Solves
       10    3.719972e+05   3.092989e+05   7.276487e-02          1         50
       20    3.332200e+05   3.399724e+05   7.484603e-02          1        100
       30    3.337559e+05   3.403155e+05   7.793880e-02          1        150
       40    3.337559e+05   3.403155e+05   8.137584e-02          1        200
       50    3.337559e+05   3.403155e+05   8.530402e-02          1        250

Terminating training
  Status         : iteration_limit
  Total time (s) : 8.530402e-02
  Total solves   : 250
  Best bound     :  3.403155e+05
  Simulation CI  :  1.246627e+08 ± 1.715174e+08
------------------------------------------------------------------------------
------------------------------------------------------------------------------
          SDDP.jl (c) Oscar Dowson and SDDP.jl contributors, 2017-21

Problem
  Nodes           : 3
  State variables : 4
  Scenarios       : 4.00000e+00
  Existing cuts   : false
  Subproblem structure                      : (min, max)
    Variables                               : (29, 29)
    VariableRef in MOI.EqualTo{Float64}     : (3, 3)
    VariableRef in MOI.LessThan{Float64}    : (1, 1)
    AffExpr in MOI.LessThan{Float64}        : (4, 4)
    AffExpr in MOI.GreaterThan{Float64}     : (3, 3)
    AffExpr in MOI.EqualTo{Float64}         : (4, 5)
    VariableRef in MOI.GreaterThan{Float64} : (22, 22)
Options
  Solver          : serial mode
  Risk measure    : SDDP.Expectation()
  Sampling scheme : SDDP.InSampleMonteCarlo

Numerical stability report
  Non-zero Matrix range     [1e+00, 1e+00]
  Non-zero Objective range  [1e+00, 1e+05]
  Non-zero Bounds range     [0e+00, 0e+00]
  Non-zero RHS range        [0e+00, 0e+00]
No problems detected

 Iteration    Simulation       Bound         Time (s)    Proc. ID   # Solves
       10    4.223843e+05   3.391878e+05   4.606009e-03          1         80
       20    4.487534e+05   4.063231e+05   8.922100e-03          1        160
       30    5.035967e+05   4.067125e+05   1.476598e-02          1        240

Terminating training
  Status         : iteration_limit
  Total time (s) : 1.476598e-02
  Total solves   : 240
  Best bound     :  4.067125e+05
  Simulation CI  :  4.204817e+07 ± 5.673498e+07
------------------------------------------------------------------------------
------------------------------------------------------------------------------
          SDDP.jl (c) Oscar Dowson and SDDP.jl contributors, 2017-21

Problem
  Nodes           : 10
  State variables : 4
  Scenarios       : 2.70000e+01
  Existing cuts   : false
  Subproblem structure                      : (min, max)
    Variables                               : (24, 24)
    VariableRef in MOI.LessThan{Float64}    : (1, 2)
    AffExpr in MOI.LessThan{Float64}        : (1, 6)
    AffExpr in MOI.GreaterThan{Float64}     : (1, 1)
    AffExpr in MOI.EqualTo{Float64}         : (3, 3)
    VariableRef in MOI.GreaterThan{Float64} : (20, 20)
Options
  Solver          : serial mode
  Risk measure    : SDDP.Expectation()
  Sampling scheme : SDDP.InSampleMonteCarlo

Numerical stability report
  Non-zero Matrix range     [1e+00, 8e+01]
  Non-zero Objective range  [1e+00, 1e+03]
  Non-zero Bounds range     [6e+01, 6e+01]
  Non-zero RHS range        [2e+02, 3e+03]
No problems detected

 Iteration    Simulation       Bound         Time (s)    Proc. ID   # Solves
       10    5.197500e+03   4.074139e+03   1.388188e+00          1        140
       20    2.308500e+03   4.074139e+03   1.399713e+00          1        280
       30    2.308500e+03   4.074139e+03   1.413850e+00          1        420
       40    2.308500e+03   4.074139e+03   1.431859e+00          1        560
       50    2.308500e+03   4.074139e+03   1.453565e+00          1        700

Terminating training
  Status         : iteration_limit
  Total time (s) : 1.453565e+00
  Total solves   : 700
  Best bound     :  4.074139e+03
  Simulation CI  :  4.469064e+03 ± 6.337382e+02
------------------------------------------------------------------------------
------------------------------------------------------------------------------
          SDDP.jl (c) Oscar Dowson and SDDP.jl contributors, 2017-21

Problem
  Nodes           : 3
  State variables : 1
  Scenarios       : 4.00000e+00
  Existing cuts   : false
  Subproblem structure                      : (min, max)
    Variables                               : (6, 6)
    VariableRef in MOI.LessThan{Float64}    : (2, 3)
    VariableRef in MOI.GreaterThan{Float64} : (4, 4)
    AffExpr in MOI.EqualTo{Float64}         : (1, 1)
    VariableRef in MOI.Integer              : (3, 3)
Options
  Solver          : serial mode
  Risk measure    : SDDP.Expectation()
  Sampling scheme : SDDP.InSampleMonteCarlo

Numerical stability report
  Non-zero Matrix range     [1e+00, 1e+00]
  Non-zero Objective range  [1e+00, 3e+02]
  Non-zero Bounds range     [1e+02, 2e+02]
  Non-zero RHS range        [0e+00, 0e+00]
No problems detected

 Iteration    Simulation       Bound         Time (s)    Proc. ID   # Solves
       10L   4.000000e+04   6.250000e+04   3.976709e+00          1         80
       20L   6.000000e+04   6.250000e+04   3.986099e+00          1        160

Terminating training
  Status         : iteration_limit
  Total time (s) : 3.986099e+00
  Total solves   : 160
  Best bound     :  6.250000e+04
  Simulation CI  :  5.472500e+04 ± 7.346552e+03
------------------------------------------------------------------------------
------------------------------------------------------------------------------
          SDDP.jl (c) Oscar Dowson and SDDP.jl contributors, 2017-21

Problem
  Nodes           : 3
  State variables : 1
  Scenarios       : 4.00000e+00
  Existing cuts   : false
  Subproblem structure                      : (min, max)
    Variables                               : (6, 6)
    VariableRef in MOI.LessThan{Float64}    : (2, 3)
    VariableRef in MOI.GreaterThan{Float64} : (4, 4)
    AffExpr in MOI.EqualTo{Float64}         : (1, 1)
    VariableRef in MOI.Integer              : (3, 3)
Options
  Solver          : serial mode
  Risk measure    : SDDP.Expectation()
  Sampling scheme : SDDP.InSampleMonteCarlo

Numerical stability report
  Non-zero Matrix range     [1e+00, 1e+00]
  Non-zero Objective range  [1e+00, 3e+02]
  Non-zero Bounds range     [1e+02, 2e+02]
  Non-zero RHS range        [0e+00, 0e+00]
No problems detected

 Iteration    Simulation       Bound         Time (s)    Proc. ID   # Solves
       10    9.500000e+04   6.250000e+04   4.310846e-03          1         80
       20    4.000000e+04   6.250000e+04   9.366989e-03          1        160

Terminating training
  Status         : iteration_limit
  Total time (s) : 9.366989e-03
  Total solves   : 160
  Best bound     :  6.250000e+04
  Simulation CI  :  5.950000e+04 ± 8.933885e+03
------------------------------------------------------------------------------
------------------------------------------------------------------------------
          SDDP.jl (c) Oscar Dowson and SDDP.jl contributors, 2017-21

Problem
  Nodes           : 3
  State variables : 2
  Scenarios       : 1.00000e+00
  Existing cuts   : false
  Subproblem structure                      : (min, max)
    Variables                               : (6, 6)
    VariableRef in MOI.LessThan{Float64}    : (3, 3)
    VariableRef in MOI.ZeroOne              : (3, 3)
    VariableRef in MOI.GreaterThan{Float64} : (2, 3)
    AffExpr in MOI.EqualTo{Float64}         : (2, 2)
Options
  Solver          : serial mode
  Risk measure    : SDDP.Expectation()
  Sampling scheme : SDDP.InSampleMonteCarlo

Numerical stability report
  Non-zero Matrix range     [1e+00, 1e+00]
  Non-zero Objective range  [1e+00, 6e+00]
  Non-zero Bounds range     [1e+00, 1e+02]
  Non-zero RHS range        [0e+00, 0e+00]
No problems detected

 Iteration    Simulation       Bound         Time (s)    Proc. ID   # Solves
        5L   9.000000e+00   9.000000e+00   3.853250e-01          1         30
       10L   9.000000e+00   9.000000e+00   3.884590e-01          1         60

Terminating training
  Status         : iteration_limit
  Total time (s) : 3.884590e-01
  Total solves   : 60
  Best bound     :  9.000000e+00
  Simulation CI  :  8.700000e+00 ± 5.880000e-01
------------------------------------------------------------------------------
------------------------------------------------------------------------------
          SDDP.jl (c) Oscar Dowson and SDDP.jl contributors, 2017-21

Problem
  Nodes           : 7
  State variables : 2
  Scenarios       : 8.00000e+00
  Existing cuts   : false
  Subproblem structure                      : (min, max)
    Variables                               : (5, 7)
    VariableRef in MOI.LessThan{Float64}    : (1, 1)
    VariableRef in MOI.GreaterThan{Float64} : (3, 5)
    AffExpr in MOI.EqualTo{Float64}         : (1, 1)
Options
  Solver          : serial mode
  Risk measure    : SDDP.Expectation()
  Sampling scheme : SDDP.InSampleMonteCarlo

Numerical stability report
  Non-zero Matrix range     [1e+00, 1e+00]
  Non-zero Objective range  [1e+00, 4e+00]
  Non-zero Bounds range     [1e+03, 1e+03]
  Non-zero RHS range        [6e+01, 8e+01]
No problems detected

 Iteration    Simulation       Bound         Time (s)    Proc. ID   # Solves
        5   -9.185804e-01   1.012171e+00   1.218200e-02          1         55
       10    0.000000e+00   1.508191e+00   1.421094e-02          1        110
       15    1.563194e-13   1.514085e+00   1.674080e-02          1        165
       20   -1.428571e+00   1.514085e+00   1.932287e-02          1        220
       25   -1.428571e+00   1.514085e+00   2.258396e-02          1        275

Terminating training
  Status         : iteration_limit
  Total time (s) : 2.258396e-02
  Total solves   : 275
  Best bound     :  1.514085e+00
  Simulation CI  :  3.903525e+00 ± 7.001261e+00
------------------------------------------------------------------------------
------------------------------------------------------------------------------
          SDDP.jl (c) Oscar Dowson and SDDP.jl contributors, 2017-21

Problem
  Nodes           : 7
  State variables : 2
  Scenarios       : 3.20000e+01
  Existing cuts   : false
  Subproblem structure                      : (min, max)
    Variables                               : (5, 7)
    VariableRef in MOI.LessThan{Float64}    : (1, 1)
    VariableRef in MOI.GreaterThan{Float64} : (2, 5)
    AffExpr in MOI.EqualTo{Float64}         : (1, 1)
Options
  Solver          : serial mode
  Risk measure    : #4
  Sampling scheme : SDDP.InSampleMonteCarlo

Numerical stability report
  Non-zero Matrix range     [1e+00, 1e+00]
  Non-zero Objective range  [2e-02, 4e+00]
  Non-zero Bounds range     [1e+03, 1e+03]
  Non-zero RHS range        [6e+01, 8e+01]
No problems detected

 Iteration    Simulation       Bound         Time (s)    Proc. ID   # Solves
       10    6.856766e+00   1.462514e+00   4.452322e-01          1        150
       20    8.362212e+00   1.278410e+00   4.515190e-01          1        300
       30    6.740000e+00   1.278410e+00   4.587440e-01          1        450
       40    1.739648e+01   1.278410e+00   4.673860e-01          1        600
       50   -5.614035e+00   1.278410e+00   4.780562e-01          1        750
       60    2.825352e+00   1.278410e+00   4.906080e-01          1        900
       70   -5.003795e+01   1.278410e+00   5.054212e-01          1       1050
       80    8.362212e+00   1.278410e+00   5.558372e-01          1       1200
       90   -3.575118e+00   1.278410e+00   5.743742e-01          1       1350
      100    6.835609e+00   1.278410e+00   5.955050e-01          1       1500

Terminating training
  Status         : iteration_limit
  Total time (s) : 5.955050e-01
  Total solves   : 1500
  Best bound     :  1.278410e+00
  Simulation CI  :  2.401424e+00 ± 3.920386e+00
------------------------------------------------------------------------------
------------------------------------------------------------------------------
          SDDP.jl (c) Oscar Dowson and SDDP.jl contributors, 2017-21

Problem
  Nodes           : 7
  State variables : 2
  Scenarios       : 3.20000e+01
  Existing cuts   : false
  Subproblem structure                      : (min, max)
    Variables                               : (5, 7)
    VariableRef in MOI.LessThan{Float64}    : (1, 1)
    VariableRef in MOI.GreaterThan{Float64} : (2, 5)
    AffExpr in MOI.EqualTo{Float64}         : (1, 1)
Options
  Solver          : serial mode
  Risk measure    : #4
  Sampling scheme : SDDP.InSampleMonteCarlo

Numerical stability report
  Non-zero Matrix range     [1e+00, 1e+00]
  Non-zero Objective range  [2e-02, 4e+00]
  Non-zero Bounds range     [1e+03, 1e+03]
  Non-zero RHS range        [6e+01, 8e+01]
No problems detected

 Iteration    Simulation       Bound         Time (s)    Proc. ID   # Solves
       10   -2.503273e-01   1.427038e+00   5.938053e-03          1        150
       20   -1.882885e+01   1.278659e+00   1.218009e-02          1        300
       30    1.522212e+00   1.278410e+00   1.952505e-02          1        450
       40    7.320288e+00   1.278410e+00   2.773809e-02          1        600
       50    2.019026e+00   1.278410e+00   3.704000e-02          1        750
       60    6.835609e+00   1.278410e+00   4.853010e-02          1        900
       70    2.019026e+00   1.278410e+00   6.083393e-02          1       1050
       80    1.051603e-12   1.278410e+00   7.340503e-02          1       1200
       90    7.320288e+00   1.278410e+00   8.635402e-02          1       1350
      100    1.786499e+01   1.278410e+00   9.966111e-02          1       1500

Terminating training
  Status         : iteration_limit
  Total time (s) : 9.966111e-02
  Total solves   : 1500
  Best bound     :  1.278410e+00
  Simulation CI  :  4.210342e+00 ± 3.817185e+00
------------------------------------------------------------------------------
------------------------------------------------------------------------------
          SDDP.jl (c) Oscar Dowson and SDDP.jl contributors, 2017-21

Problem
  Nodes           : 4
  State variables : 1
  Scenarios       : Inf
  Existing cuts   : false
  Subproblem structure                      : (min, max)
    Variables                               : (7, 7)
    VariableRef in MOI.EqualTo{Float64}     : (1, 1)
    VariableRef in MOI.LessThan{Float64}    : (3, 3)
    AffExpr in MOI.GreaterThan{Float64}     : (2, 2)
    AffExpr in MOI.EqualTo{Float64}         : (1, 1)
    VariableRef in MOI.GreaterThan{Float64} : (5, 5)
Options
  Solver          : serial mode
  Risk measure    : SDDP.Expectation()
  Sampling scheme : SDDP.InSampleMonteCarlo

Numerical stability report
  Non-zero Matrix range     [1e+00, 1e+00]
  Non-zero Objective range  [1e+00, 2e+00]
  Non-zero Bounds range     [2e+00, 1e+02]
  Non-zero RHS range        [0e+00, 0e+00]
No problems detected

 Iteration    Simulation       Bound         Time (s)    Proc. ID   # Solves
       10    4.097179e+00   9.373521e+00   1.876716e+00          1        900
       20    4.000000e+00   1.243522e+01   1.960517e+00          1       1720
       30    4.100000e+01   1.573529e+01   2.195593e+00          1       3036
       40    1.472702e+01   1.728188e+01   2.427237e+00          1       4192
       50    3.277458e+00   1.822939e+01   2.657956e+00          1       5020
       60    1.200000e+01   1.907926e+01   2.911621e+00          1       5808
       70    9.426025e+00   1.937267e+01   3.123109e+00          1       6540
       80    6.069293e+01   1.954773e+01   3.323122e+00          1       7088
       90    3.859604e+01   1.982131e+01   3.761520e+00          1       8180
      100    7.228370e+00   1.991317e+01   3.995264e+00          1       8664

Terminating training
  Status         : iteration_limit
  Total time (s) : 3.995264e+00
  Total solves   : 8664
  Best bound     :  1.991317e+01
  Simulation CI  :  2.279970e+01 ± 4.635294e+00
------------------------------------------------------------------------------
------------------------------------------------------------------------------
          SDDP.jl (c) Oscar Dowson and SDDP.jl contributors, 2017-21

Problem
  Nodes           : 5
  State variables : 2
  Scenarios       : 3.20000e+01
  Existing cuts   : false
  Subproblem structure                      : (min, max)
    Variables                               : (10, 10)
    VariableRef in MOI.LessThan{Float64}    : (6, 6)
    VariableRef in MOI.ZeroOne              : (5, 5)
    AffExpr in MOI.LessThan{Float64}        : (6, 6)
    AffExpr in MOI.GreaterThan{Float64}     : (2, 2)
    AffExpr in MOI.EqualTo{Float64}         : (2, 2)
    VariableRef in MOI.GreaterThan{Float64} : (5, 6)
Options
  Solver          : serial mode
  Risk measure    : SDDP.Expectation()
  Sampling scheme : SDDP.InSampleMonteCarlo

Numerical stability report
  Non-zero Matrix range     [1e+00, 1e+00]
  Non-zero Objective range  [1e+00, 6e+00]
  Non-zero Bounds range     [1e+00, 1e+01]
  Non-zero RHS range        [1e+00, 1e+00]
No problems detected

 Iteration    Simulation       Bound         Time (s)    Proc. ID   # Solves
        5    4.000000e+00   8.754008e+00   2.742250e-01          1         75
       10    5.000000e+00   8.091667e+00   2.794850e-01          1        150

Terminating training
  Status         : iteration_limit
  Total time (s) : 2.794850e-01
  Total solves   : 150
  Best bound     :  8.091667e+00
  Simulation CI  :  6.700000e+00 ± 1.825830e+00
------------------------------------------------------------------------------
------------------------------------------------------------------------------
          SDDP.jl (c) Oscar Dowson and SDDP.jl contributors, 2017-21

Problem
  Nodes           : 3
  State variables : 4
  Scenarios       : 2.16000e+02
  Existing cuts   : false
  Subproblem structure                      : (min, max)
    Variables                               : (18, 18)
    VariableRef in MOI.LessThan{Float64}    : (10, 10)
    VariableRef in MOI.ZeroOne              : (9, 9)
    AffExpr in MOI.LessThan{Float64}        : (12, 12)
    AffExpr in MOI.GreaterThan{Float64}     : (4, 4)
    AffExpr in MOI.EqualTo{Float64}         : (4, 4)
    VariableRef in MOI.GreaterThan{Float64} : (9, 10)
Options
  Solver          : serial mode
  Risk measure    : SDDP.Expectation()
  Sampling scheme : SDDP.InSampleMonteCarlo

Numerical stability report
  Non-zero Matrix range     [1e+00, 1e+00]
  Non-zero Objective range  [1e+00, 4e+00]
  Non-zero Bounds range     [1e+00, 2e+01]
  Non-zero RHS range        [1e+00, 1e+00]
No problems detected

 Iteration    Simulation       Bound         Time (s)    Proc. ID   # Solves
       10    5.000000e+00   6.836352e+00   1.426950e-01          1        210
       20    9.000000e+00   6.539269e+00   1.631021e-01          1        420
       30    5.000000e+00   6.469788e+00   1.836410e-01          1        630
       40    7.000000e+00   6.372979e+00   2.042091e-01          1        840
       50    6.000000e+00   6.372979e+00   2.258511e-01          1       1050

Terminating training
  Status         : iteration_limit
  Total time (s) : 2.258511e-01
  Total solves   : 1050
  Best bound     :  6.372979e+00
  Simulation CI  :  5.620000e+00 ± 6.431229e-01
------------------------------------------------------------------------------
------------------------------------------------------------------------------
          SDDP.jl (c) Oscar Dowson and SDDP.jl contributors, 2017-21

Problem
  Nodes           : 5
  State variables : 5
  Scenarios       : 3.27680e+04
  Existing cuts   : false
  Subproblem structure                      : (min, max)
    Variables                               : (14, 14)
    VariableRef in MOI.LessThan{Float64}    : (5, 6)
    AffExpr in MOI.LessThan{Float64}        : (4, 4)
    AffExpr in MOI.GreaterThan{Float64}     : (7, 7)
    VariableRef in MOI.GreaterThan{Float64} : (8, 8)
    VariableRef in MOI.Integer              : (5, 5)
Options
  Solver          : serial mode
  Risk measure    : SDDP.Expectation()
  Sampling scheme : SDDP.InSampleMonteCarlo

Numerical stability report
  Non-zero Matrix range     [1e+00, 1e+00]
  Non-zero Objective range  [1e+00, 5e+05]
  Non-zero Bounds range     [1e+00, 1e+00]
  Non-zero RHS range        [0e+00, 0e+00]
No problems detected

 Iteration    Simulation       Bound         Time (s)    Proc. ID   # Solves
       10    2.049572e+06   2.078502e+06   5.292892e-02          1        420
       20    7.992666e+05   2.078659e+06   7.908201e-02          1        840
       30    2.799657e+06   2.078698e+06   1.463320e-01          1       1260
       40    3.549781e+06   2.078698e+06   1.769569e-01          1       1680
       50    2.299863e+06   2.078698e+06   2.093248e-01          1       2100

Terminating training
  Status         : iteration_limit
  Total time (s) : 2.093248e-01
  Total solves   : 2100
  Best bound     :  2.078698e+06
  Simulation CI  :  2.098280e+06 ± 5.287447e+05
------------------------------------------------------------------------------
------------------------------------------------------------------------------
          SDDP.jl (c) Oscar Dowson and SDDP.jl contributors, 2017-21

Problem
  Nodes           : 5
  State variables : 5
  Scenarios       : 3.27680e+04
  Existing cuts   : false
  Subproblem structure                      : (min, max)
    Variables                               : (14, 14)
    VariableRef in MOI.LessThan{Float64}    : (5, 6)
    AffExpr in MOI.LessThan{Float64}        : (4, 4)
    AffExpr in MOI.GreaterThan{Float64}     : (7, 7)
    VariableRef in MOI.GreaterThan{Float64} : (8, 8)
    VariableRef in MOI.Integer              : (5, 5)
Options
  Solver          : serial mode
  Risk measure    : SDDP.Expectation()
  Sampling scheme : SDDP.InSampleMonteCarlo

Numerical stability report
  Non-zero Matrix range     [1e+00, 1e+00]
  Non-zero Objective range  [1e+00, 5e+05]
  Non-zero Bounds range     [1e+00, 1e+00]
  Non-zero RHS range        [0e+00, 0e+00]
No problems detected

 Iteration    Simulation       Bound         Time (s)    Proc. ID   # Solves
       10L   1.799851e+06   2.079330e+06   9.918499e-02          1        420
       20L   4.799876e+06   2.079394e+06   2.371290e-01          1        840
       30L   5.549868e+06   2.079457e+06   3.432159e-01          1       1260
       40L   3.299779e+06   2.079457e+06   4.753671e-01          1       1680
       50L   3.549676e+06   2.079457e+06   5.899119e-01          1       2100

Terminating training
  Status         : iteration_limit
  Total time (s) : 5.899119e-01
  Total solves   : 2100
  Best bound     :  2.079457e+06
  Simulation CI  :  2.288495e+06 ± 5.111693e+05
------------------------------------------------------------------------------
------------------------------------------------------------------------------
          SDDP.jl (c) Oscar Dowson and SDDP.jl contributors, 2017-21

Problem
  Nodes           : 1
  State variables : 1
  Scenarios       : Inf
  Existing cuts   : false
  Subproblem structure                      : (min, max)
    Variables                               : (8, 8)
    VariableRef in MOI.LessThan{Float64}    : (1, 1)
    VariableRef in MOI.GreaterThan{Float64} : (5, 5)
    AffExpr in MOI.EqualTo{Float64}         : (2, 2)
Options
  Solver          : serial mode
  Risk measure    : SDDP.Expectation()
  Sampling scheme : SDDP.InSampleMonteCarlo

Numerical stability report
  Non-zero Matrix range     [1e+00, 1e+00]
  Non-zero Objective range  [1e+00, 1e+01]
  Non-zero Bounds range     [5e+00, 2e+01]
  Non-zero RHS range        [0e+00, 0e+00]
No problems detected

 Iteration    Simulation       Bound         Time (s)    Proc. ID   # Solves
      100    2.500000e+00   1.188993e+02   6.743512e-01          1       1040
      200   -2.213529e-14   1.191654e+02   7.184932e-01          1       2088
      300    0.000000e+00   1.191667e+02   7.741711e-01          1       3148
      400    0.000000e+00   1.191667e+02   8.703780e-01          1       4188
      500    2.500000e+01   1.191667e+02   9.463992e-01          1       5244
      600    7.500000e+01   1.191667e+02   1.032040e+00          1       6304
      700    0.000000e+00   1.191667e+02   1.131851e+00          1       7360
      800    7.500000e+00   1.191667e+02   1.269811e+00          1       8420
      900    2.500000e+00   1.191667e+02   1.459207e+00          1       9468
     1000    0.000000e+00   1.191667e+02   1.639207e+00          1      10528
     1100    7.500000e+01   1.191667e+02   1.833120e+00          1      11596

Terminating training
  Status         : time_limit
  Total time (s) : 2.001294e+00
  Total solves   : 12481
  Best bound     :  1.191667e+02
  Simulation CI  :  2.012891e+01 ± 1.659803e+00
------------------------------------------------------------------------------
------------------------------------------------------------------------------
          SDDP.jl (c) Oscar Dowson and SDDP.jl contributors, 2017-21

Problem
  Nodes           : 1
  State variables : 1
  Scenarios       : Inf
  Existing cuts   : false
  Subproblem structure                      : (min, max)
    Variables                               : (8, 8)
    VariableRef in MOI.LessThan{Float64}    : (1, 1)
    VariableRef in MOI.GreaterThan{Float64} : (5, 5)
    AffExpr in MOI.EqualTo{Float64}         : (2, 2)
Options
  Solver          : serial mode
  Risk measure    : SDDP.Expectation()
  Sampling scheme : SDDP.InSampleMonteCarlo

Numerical stability report
  Non-zero Matrix range     [1e+00, 1e+00]
  Non-zero Objective range  [1e+00, 1e+01]
  Non-zero Bounds range     [5e+00, 2e+01]
  Non-zero RHS range        [0e+00, 0e+00]
No problems detected

 Iteration    Simulation       Bound         Time (s)    Proc. ID   # Solves
      100    1.500000e+02   1.189541e+02   3.411102e-02          1       1060
      200    7.500000e+00   1.191652e+02   7.918596e-02          1       2116
      300    1.076580e-14   1.191667e+02   1.337841e-01          1       3156
      400    7.500000e+01   1.191667e+02   1.974230e-01          1       4196
      500    0.000000e+00   1.191667e+02   2.719049e-01          1       5256
      600    5.000000e+00   1.191667e+02   3.567870e-01          1       6316
      700    7.500000e+00   1.191667e+02   4.803379e-01          1       7360
      800    2.500000e+00   1.191667e+02   6.114058e-01          1       8412
      900    7.500000e+00   1.191667e+02   7.579219e-01          1       9472
     1000    2.500000e+01   1.191667e+02   9.470210e-01          1      10536
     1100    7.500000e+01   1.191667e+02   1.125919e+00          1      11588
     1200    7.500000e+01   1.191667e+02   1.361928e+00          1      12652
     1300   -8.881784e-16   1.191667e+02   1.565011e+00          1      13732
     1400    7.500000e+01   1.191667e+02   1.817344e+00          1      14768

Terminating training
  Status         : time_limit
  Total time (s) : 2.002429e+00
  Total solves   : 15628
  Best bound     :  1.191667e+02
  Simulation CI  :  1.928547e+01 ± 1.548886e+00
------------------------------------------------------------------------------
------------------------------------------------------------------------------
          SDDP.jl (c) Oscar Dowson and SDDP.jl contributors, 2017-21

Problem
  Nodes           : 1
  State variables : 1
  Scenarios       : Inf
  Existing cuts   : false
  Subproblem structure                      : (min, max)
    Variables                               : (3, 3)
    VariableRef in MOI.GreaterThan{Float64} : (1, 1)
    AffExpr in MOI.EqualTo{Float64}         : (1, 1)
Options
  Solver          : serial mode
  Risk measure    : SDDP.Expectation()
  Sampling scheme : SDDP.InSampleMonteCarlo

Numerical stability report
  Non-zero Matrix range     [1e+00, 1e+00]
  Non-zero Objective range  [1e+00, 1e+00]
  Non-zero Bounds range     [0e+00, 0e+00]
  Non-zero RHS range        [0e+00, 0e+00]
No problems detected

 Iteration    Simulation       Bound         Time (s)    Proc. ID   # Solves
       10    3.200000e+01   1.999334e+01   3.607035e-03          1        160
       20    1.200000e+01   2.000000e+01   8.485079e-03          1        364
       30    4.000000e+00   2.000000e+01   1.311016e-02          1        514
       40    1.200000e+01   2.000000e+01   1.850915e-02          1        660
       50    2.000000e+00   2.000000e+01   3.000617e-02          1        786
       60    1.400000e+01   2.000000e+01   2.851360e-01          1       1102
       70    3.600000e+01   2.000000e+01   5.681911e-01          1       1284
       80    1.400000e+01   2.000000e+01   1.003536e+00          1       1470
       90    3.200000e+01   2.000000e+01   1.625522e+00          1       1644
      100    3.000000e+01   2.000000e+01   2.737469e+00          1       1876

Terminating training
  Status         : iteration_limit
  Total time (s) : 2.737469e+00
  Total solves   : 1876
  Best bound     :  2.000000e+01
  Simulation CI  :  1.776000e+01 ± 3.376380e+00
------------------------------------------------------------------------------
------------------------------------------------------------------------------
          SDDP.jl (c) Oscar Dowson and SDDP.jl contributors, 2017-21

Problem
  Nodes           : 1
  State variables : 1
  Scenarios       : Inf
  Existing cuts   : false
  Subproblem structure                      : (min, max)
    Variables                               : (3, 3)
    VariableRef in MOI.GreaterThan{Float64} : (1, 1)
    AffExpr in MOI.EqualTo{Float64}         : (1, 1)
Options
  Solver          : serial mode
  Risk measure    : SDDP.Expectation()
  Sampling scheme : SDDP.InSampleMonteCarlo

Numerical stability report
  Non-zero Matrix range     [1e+00, 1e+00]
  Non-zero Objective range  [1e+00, 1e+00]
  Non-zero Bounds range     [0e+00, 0e+00]
  Non-zero RHS range        [0e+00, 0e+00]
No problems detected

 Iteration    Simulation       Bound         Time (s)    Proc. ID   # Solves
       10    1.000000e+00   1.999985e+00   1.584053e-03          1         42
       20    1.000000e+00   2.000000e+00   2.729177e-03          1         90

Terminating training
  Status         : iteration_limit
  Total time (s) : 2.729177e-03
  Total solves   : 90
  Best bound     :  2.000000e+00
  Simulation CI  :  1.750000e+00 ± 3.728341e-01
------------------------------------------------------------------------------
------------------------------------------------------------------------------
          SDDP.jl (c) Oscar Dowson and SDDP.jl contributors, 2017-21

Problem
  Nodes           : 3
  State variables : 1
  Scenarios       : 8.51840e+04
  Existing cuts   : false
  Subproblem structure                      : (min, max)
    Variables                               : (6, 6)
    VariableRef in MOI.LessThan{Float64}    : (3, 3)
    AffExpr in MOI.LessThan{Float64}        : (2, 2)
    VariableRef in MOI.GreaterThan{Float64} : (3, 4)
    AffExpr in MOI.EqualTo{Float64}         : (1, 3)
Options
  Solver          : serial mode
  Risk measure    : SDDP.Expectation()
  Sampling scheme : SDDP.InSampleMonteCarlo

Numerical stability report
  Non-zero Matrix range     [8e-01, 2e+00]
  Non-zero Objective range  [1e+00, 2e+00]
  Non-zero Bounds range     [1e+00, 1e+02]
  Non-zero RHS range        [5e+01, 5e+01]
No problems detected

 Iteration    Simulation       Bound         Time (s)    Proc. ID   # Solves
       10    3.675000e+00   4.114787e+00   2.451711e-01          1       1350
       20    5.062500e+00   4.109023e+00   2.660770e-01          1       2700
       30    4.500000e+00   4.103848e+00   2.898040e-01          1       4050
       40    3.812500e+00   4.102282e+00   3.159659e-01          1       5400
       50    4.725000e+00   4.095432e+00   3.455241e-01          1       6750
       60    4.050000e+00   4.092940e+00   3.761339e-01          1       8100
       70    4.600000e+00   4.091495e+00   4.092090e-01          1       9450
       80    3.875000e+00   4.089711e+00   4.753039e-01          1      10800
       90    3.750000e+00   4.089084e+00   5.117860e-01          1      12150
      100    5.125000e+00   4.087476e+00   5.537210e-01          1      13500

Terminating training
  Status         : iteration_limit
  Total time (s) : 5.537210e-01
  Total solves   : 13500
  Best bound     :  4.087476e+00
  Simulation CI  :  4.028375e+00 ± 1.464313e-01
------------------------------------------------------------------------------
------------------------------------------------------------------------------
          SDDP.jl (c) Oscar Dowson and SDDP.jl contributors, 2017-21

Problem
  Nodes           : 3
  State variables : 1
  Scenarios       : 8.51840e+04
  Existing cuts   : false
  Subproblem structure                      : (min, max)
    Variables                               : (6, 6)
    VariableRef in MOI.LessThan{Float64}    : (3, 3)
    AffExpr in MOI.LessThan{Float64}        : (2, 2)
    VariableRef in MOI.GreaterThan{Float64} : (3, 4)
    AffExpr in MOI.EqualTo{Float64}         : (1, 3)
Options
  Solver          : serial mode
  Risk measure    : SDDP.Expectation()
  Sampling scheme : SDDP.InSampleMonteCarlo

Numerical stability report
  Non-zero Matrix range     [8e-01, 2e+00]
  Non-zero Objective range  [1e+00, 2e+00]
  Non-zero Bounds range     [1e+00, 1e+02]
  Non-zero RHS range        [5e+01, 5e+01]
No problems detected

 Iteration    Simulation       Bound         Time (s)    Proc. ID   # Solves
       10    4.004687e+00   5.039491e+00   2.852991e-01          1       1350
       20    4.750000e+00   4.344151e+00   6.750400e-01          1       2700
       30    3.562500e+00   4.339911e+00   1.335462e+00          1       4050
       40    3.875000e+00   4.338716e+00   2.399693e+00          1       5400
       50    3.621591e+00   4.046738e+00   3.578591e+00          1       6750
       60    3.494318e+00   4.044659e+00   4.975819e+00          1       8100
       70    4.875000e+00   4.043534e+00   6.715181e+00          1       9450
       80    4.012500e+00   4.043311e+00   8.836657e+00          1      10800
       90    3.900000e+00   4.042466e+00   1.127296e+01          1      12150
      100    4.818750e+00   4.042373e+00   1.396802e+01          1      13500

Terminating training
  Status         : iteration_limit
  Total time (s) : 1.396802e+01
  Total solves   : 13500
  Best bound     :  4.042373e+00
  Simulation CI  :  4.066478e+00 ± 1.430263e-01
------------------------------------------------------------------------------
------------------------------------------------------------------------------
          SDDP.jl (c) Oscar Dowson and SDDP.jl contributors, 2017-21

Problem
  Nodes           : 8
  State variables : 1
  Scenarios       : 1.00000e+08
  Existing cuts   : false
  Subproblem structure                      : (min, max)
    Variables                               : (7, 7)
    VariableRef in MOI.LessThan{Float64}    : (1, 2)
    VariableRef in MOI.ZeroOne              : (1, 1)
    AffExpr in MOI.GreaterThan{Float64}     : (2, 2)
    AffExpr in MOI.EqualTo{Float64}         : (1, 1)
    VariableRef in MOI.GreaterThan{Float64} : (4, 4)
Options
  Solver          : serial mode
  Risk measure    : SDDP.Expectation()
  Sampling scheme : SDDP.InSampleMonteCarlo

Numerical stability report
  Non-zero Matrix range     [1e+00, 2e+00]
  Non-zero Objective range  [5e-01, 1e+00]
  Non-zero Bounds range     [1e+00, 1e+00]
  Non-zero RHS range        [1e+00, 1e+00]
No problems detected

 Iteration    Simulation       Bound         Time (s)    Proc. ID   # Solves
       10    2.897298e+00   1.160850e+00   1.889205e-02          1        880
       20    2.796519e+00   1.166965e+00   3.842306e-02          1       1760
       30    3.396455e+00   1.167299e+00   5.960202e-02          1       2640
       40    2.971251e+00   1.167416e+00   8.231997e-02          1       3520
       50    2.844899e+00   1.167416e+00   1.374960e-01          1       4400
       60    3.547142e+00   1.167416e+00   1.642251e-01          1       5280
       70    2.699297e+00   1.167416e+00   1.923490e-01          1       6160
       80    3.845040e+00   1.167416e+00   2.223389e-01          1       7040
       90    2.483668e+00   1.167416e+00   2.541540e-01          1       7920
      100    3.167302e+00   1.167416e+00   2.894390e-01          1       8800

Terminating training
  Status         : iteration_limit
  Total time (s) : 2.894390e-01
  Total solves   : 8800
  Best bound     :  1.167416e+00
  Simulation CI  :  3.226561e+00 ± 9.112639e-02
------------------------------------------------------------------------------
------------------------------------------------------------------------------
          SDDP.jl (c) Oscar Dowson and SDDP.jl contributors, 2017-21

Problem
  Nodes           : 2
  State variables : 2
  Scenarios       : 4.00000e+00
  Existing cuts   : false
  Subproblem structure                      : (min, max)
    Variables                               : (7, 11)
    VariableRef in MOI.LessThan{Float64}    : (4, 7)
    VariableRef in MOI.ZeroOne              : (4, 4)
    AffExpr in MOI.LessThan{Float64}        : (2, 2)
    VariableRef in MOI.GreaterThan{Float64} : (5, 7)
    AffExpr in MOI.EqualTo{Float64}         : (2, 2)
    VariableRef in MOI.Integer              : (2, 2)
Options
  Solver          : serial mode
  Risk measure    : SDDP.Expectation()
  Sampling scheme : SDDP.InSampleMonteCarlo

Numerical stability report
  Non-zero Matrix range     [1e+00, 6e+00]
  Non-zero Objective range  [1e+00, 3e+01]
  Non-zero Bounds range     [1e+00, 1e+02]
  Non-zero RHS range        [0e+00, 0e+00]
No problems detected

 Iteration    Simulation       Bound         Time (s)    Proc. ID   # Solves
       10   -4.700000e+01  -5.809615e+01   4.874945e-03          1         70
       20   -9.800000e+01  -5.809615e+01   9.733915e-03          1        140
       30   -4.700000e+01  -5.809615e+01   1.474690e-02          1        210
       40   -4.700000e+01  -5.809615e+01   1.976204e-02          1        280
       50   -4.700000e+01  -5.809615e+01   2.532887e-02          1        350
       60   -4.700000e+01  -5.809615e+01   3.127885e-02          1        420
       70   -4.000000e+01  -5.809615e+01   3.755093e-02          1        490
       80   -4.700000e+01  -5.809615e+01   4.381990e-02          1        560
       90   -4.000000e+01  -5.809615e+01   4.952788e-02          1        630
      100   -4.000000e+01  -5.809615e+01   5.641603e-02          1        700

Terminating training
  Status         : iteration_limit
  Total time (s) : 5.641603e-02
  Total solves   : 700
  Best bound     : -5.809615e+01
  Simulation CI  : -5.701500e+01 ± 4.798867e+00
------------------------------------------------------------------------------
------------------------------------------------------------------------------
          SDDP.jl (c) Oscar Dowson and SDDP.jl contributors, 2017-21

Problem
  Nodes           : 2
  State variables : 2
  Scenarios       : 9.00000e+00
  Existing cuts   : false
  Subproblem structure                      : (min, max)
    Variables                               : (7, 11)
    VariableRef in MOI.LessThan{Float64}    : (4, 7)
    VariableRef in MOI.ZeroOne              : (4, 4)
    AffExpr in MOI.LessThan{Float64}        : (2, 2)
    VariableRef in MOI.GreaterThan{Float64} : (5, 7)
    AffExpr in MOI.EqualTo{Float64}         : (2, 2)
    VariableRef in MOI.Integer              : (2, 2)
Options
  Solver          : serial mode
  Risk measure    : SDDP.Expectation()
  Sampling scheme : SDDP.InSampleMonteCarlo

Numerical stability report
  Non-zero Matrix range     [1e+00, 6e+00]
  Non-zero Objective range  [1e+00, 3e+01]
  Non-zero Bounds range     [1e+00, 1e+02]
  Non-zero RHS range        [0e+00, 0e+00]
No problems detected

 Iteration    Simulation       Bound         Time (s)    Proc. ID   # Solves
       10   -8.200000e+01  -6.196125e+01   5.650043e-03          1        120
       20   -7.500000e+01  -6.196125e+01   1.135302e-02          1        240
       30   -4.000000e+01  -6.196125e+01   1.759601e-02          1        360
       40   -7.500000e+01  -6.196125e+01   2.449918e-02          1        480
       50   -4.000000e+01  -6.196125e+01   3.206301e-02          1        600
       60   -4.700000e+01  -6.196125e+01   4.018807e-02          1        720
       70   -7.500000e+01  -6.196125e+01   4.864311e-02          1        840
       80   -4.700000e+01  -6.196125e+01   5.760312e-02          1        960
       90   -6.300000e+01  -6.196125e+01   6.717300e-02          1       1080
      100   -9.800000e+01  -6.196125e+01   7.708311e-02          1       1200

Terminating training
  Status         : iteration_limit
  Total time (s) : 7.708311e-02
  Total solves   : 1200
  Best bound     : -6.196125e+01
  Simulation CI  : -6.002500e+01 ± 3.925153e+00
------------------------------------------------------------------------------
------------------------------------------------------------------------------
          SDDP.jl (c) Oscar Dowson and SDDP.jl contributors, 2017-21

Problem
  Nodes           : 2
  State variables : 2
  Scenarios       : 3.60000e+01
  Existing cuts   : false
  Subproblem structure                      : (min, max)
    Variables                               : (7, 11)
    VariableRef in MOI.LessThan{Float64}    : (4, 7)
    VariableRef in MOI.ZeroOne              : (4, 4)
    AffExpr in MOI.LessThan{Float64}        : (2, 2)
    VariableRef in MOI.GreaterThan{Float64} : (5, 7)
    AffExpr in MOI.EqualTo{Float64}         : (2, 2)
    VariableRef in MOI.Integer              : (2, 2)
Options
  Solver          : serial mode
  Risk measure    : SDDP.Expectation()
  Sampling scheme : SDDP.InSampleMonteCarlo

Numerical stability report
  Non-zero Matrix range     [1e+00, 6e+00]
  Non-zero Objective range  [1e+00, 3e+01]
  Non-zero Bounds range     [1e+00, 1e+02]
  Non-zero RHS range        [0e+00, 0e+00]
No problems detected

 Iteration    Simulation       Bound         Time (s)    Proc. ID   # Solves
       10   -8.200000e+01  -6.546793e+01   2.446795e-02          1        390
       20   -5.400000e+01  -6.546793e+01   3.531098e-02          1        780
       30   -6.300000e+01  -6.546793e+01   4.702282e-02          1       1170
       40   -5.600000e+01  -6.546793e+01   5.943394e-02          1       1560
       50   -4.000000e+01  -6.546793e+01   7.221794e-02          1       1950
       60   -8.200000e+01  -6.546793e+01   8.567595e-02          1       2340
       70   -4.700000e+01  -6.546793e+01   1.324470e-01          1       2730
       80   -9.800000e+01  -6.546793e+01   1.467550e-01          1       3120
       90   -4.000000e+01  -6.546793e+01   1.601958e-01          1       3510
      100   -8.200000e+01  -6.546793e+01   1.729388e-01          1       3900

Terminating training
  Status         : iteration_limit
  Total time (s) : 1.729388e-01
  Total solves   : 3900
  Best bound     : -6.546793e+01
  Simulation CI  : -6.267500e+01 ± 3.232076e+00
------------------------------------------------------------------------------
------------------------------------------------------------------------------
          SDDP.jl (c) Oscar Dowson and SDDP.jl contributors, 2017-21

Problem
  Nodes           : 3
  State variables : 2
  Scenarios       : 2.70000e+01
  Existing cuts   : false
  Subproblem structure                      : (min, max)
    Variables                               : (9, 9)
    VariableRef in MOI.LessThan{Float64}    : (3, 3)
    VariableRef in MOI.ZeroOne              : (4, 4)
    AffExpr in MOI.LessThan{Float64}        : (2, 2)
    VariableRef in MOI.GreaterThan{Float64} : (2, 3)
    AffExpr in MOI.EqualTo{Float64}         : (2, 2)
Options
  Solver          : serial mode
  Risk measure    : SDDP.Expectation()
  Sampling scheme : SDDP.InSampleMonteCarlo

Numerical stability report
  Non-zero Matrix range     [1e+00, 1e+00]
  Non-zero Objective range  [1e+00, 6e+00]
  Non-zero Bounds range     [1e+00, 1e+02]
  Non-zero RHS range        [0e+00, 0e+00]
No problems detected

 Iteration    Simulation       Bound         Time (s)    Proc. ID   # Solves
        1L   6.000000e+00   1.200000e+01   1.803830e-01          1         11
        2L   1.200000e+01   8.777778e+00   1.412917e+00          1         22
        3L   3.000000e+00   8.777778e+00   1.414439e+00          1         33
        4L   9.000000e+00   8.333333e+00   1.415910e+00          1         44
        5L   1.200000e+01   8.000000e+00   1.417500e+00          1         55
        6L   6.000000e+00   8.000000e+00   1.419010e+00          1         66
        7L   6.000000e+00   8.000000e+00   1.420580e+00          1         77
        8L   1.200000e+01   8.000000e+00   1.422093e+00          1         88
        9L   6.000000e+00   8.000000e+00   1.423755e+00          1         99
       10L   6.000000e+00   8.000000e+00   1.425356e+00          1        110

Terminating training
  Status         : iteration_limit
  Total time (s) : 1.425356e+00
  Total solves   : 110
  Best bound     :  8.000000e+00
  Simulation CI  :  7.800000e+00 ± 1.998816e+00
------------------------------------------------------------------------------
------------------------------------------------------------------------------
          SDDP.jl (c) Oscar Dowson and SDDP.jl contributors, 2017-21

Problem
  Nodes           : 2
  State variables : 3
  Scenarios       : 3.00000e+00
  Existing cuts   : false
  Subproblem structure                      : (min, max)
    Variables                               : (7, 19)
    VariableRef in MOI.LessThan{Float64}    : (1, 2)
    AffExpr in MOI.LessThan{Float64}        : (1, 1)
    AffExpr in MOI.GreaterThan{Float64}     : (3, 3)
    AffExpr in MOI.EqualTo{Float64}         : (3, 3)
    VariableRef in MOI.GreaterThan{Float64} : (3, 16)
Options
  Solver          : serial mode
  Risk measure    : SDDP.Expectation()
  Sampling scheme : SDDP.InSampleMonteCarlo

Numerical stability report
  Non-zero Matrix range     [1e+00, 2e+01]
  Non-zero Objective range  [1e+00, 1e+03]
  Non-zero Bounds range     [6e+03, 5e+05]
  Non-zero RHS range        [2e+02, 5e+02]
No problems detected

 Iteration    Simulation       Bound         Time (s)    Proc. ID   # Solves
        1   -9.800000e+04   1.320000e+05   8.370876e-04          1          6
        2    2.800000e+04   1.290000e+05   1.168966e-03          1         12
        3    4.840000e+04   1.268139e+05   1.471043e-03          1         18
        4    3.003659e+04   1.219636e+05   1.732111e-03          1         24
        5    1.550000e+05   1.121210e+05   2.007961e-03          1         30
        6    1.589371e+05   1.104195e+05   2.281904e-03          1         36
        7    1.047405e+05   1.095042e+05   2.604008e-03          1         42
        8    5.125161e+04   1.088611e+05   2.892017e-03          1         48
        9    1.665556e+05   1.088021e+05   3.163099e-03          1         54
       10    1.093355e+05   1.084962e+05   3.500938e-03          1         60
       11    1.084962e+05   1.083900e+05   3.835917e-03          1         66
       12    1.093500e+05   1.083900e+05   4.173040e-03          1         72
       13    1.093500e+05   1.083900e+05   4.507065e-03          1         78
       14    1.093500e+05   1.083900e+05   4.844904e-03          1         84
       15    1.093500e+05   1.083900e+05   5.187035e-03          1         90
       16    1.670000e+05   1.083900e+05   5.538940e-03          1         96
       17    1.093500e+05   1.083900e+05   5.903959e-03          1        102
       18    1.670000e+05   1.083900e+05   6.277084e-03          1        108
       19    4.882000e+04   1.083900e+05   6.704092e-03          1        114
       20    4.882000e+04   1.083900e+05   7.111073e-03          1        120

Terminating training
  Status         : iteration_limit
  Total time (s) : 7.111073e-03
  Total solves   : 120
  Best bound     :  1.083900e+05
  Simulation CI  :  9.205715e+04 ± 2.822887e+04
------------------------------------------------------------------------------
------------------------------------------------------------------------------
          SDDP.jl (c) Oscar Dowson and SDDP.jl contributors, 2017-21

Problem
  Nodes           : 10
  State variables : 18
  Scenarios       : 1.19042e+17
  Existing cuts   : false
  Subproblem structure                      : (min, max)
    Variables                               : (163, 163)
    VariableRef in MOI.LessThan{Float64}    : (144, 145)
    VariableRef in MOI.ZeroOne              : (126, 126)
    AffExpr in MOI.LessThan{Float64}        : (54, 54)
    VariableRef in MOI.GreaterThan{Float64} : (145, 145)
    AffExpr in MOI.EqualTo{Float64}         : (37, 37)
Options
  Solver          : serial mode
  Risk measure    : SDDP.Expectation()
  Sampling scheme : SDDP.InSampleMonteCarlo

Numerical stability report
  Non-zero Matrix range     [1e+00, 1e+00]
  Non-zero Objective range  [1e+00, 4e+02]
  Non-zero Bounds range     [1e+00, 1e+00]
  Non-zero RHS range        [1e+00, 1e+00]
No problems detected

 Iteration    Simulation       Bound         Time (s)    Proc. ID   # Solves
       10    1.160000e+03   1.355255e+03   1.752041e+00          1       5200
       20    1.604000e+03   1.483853e+03   4.114770e+00          1      10400
       30    1.636000e+03   1.498986e+03   8.942142e+00          1      15600
       40    2.008000e+03   1.506975e+03   1.493404e+01          1      20800
       50    1.564000e+03   1.512969e+03   2.451711e+01          1      26000

Terminating training
  Status         : iteration_limit
  Total time (s) : 2.451711e+01
  Total solves   : 26000
  Best bound     :  1.512969e+03
  Simulation CI  :  1.732400e+03 ± 9.155717e+01
------------------------------------------------------------------------------
